<?xml version="1.0" encoding="UTF-8"?>
<testsuite xmlns:xsi="http://www.w3.org/2001/XMLSchema-instance" xsi:noNamespaceSchemaLocation="https://maven.apache.org/surefire/maven-surefire-plugin/xsd/surefire-test-report-3.0.xsd" version="3.0" name="com.company.mts.controller.RewardControllerIntegrationTest" time="4.542" tests="6" errors="0" skipped="0" failures="0">
  <properties>
[...]
</properties>
  <testcase name="evaluateReward_Eligible_ReturnsOk" classname="com.company.mts.controller.RewardControllerIntegrationTest" time="0.231">
    <system-out><![CDATA[2026-06-23T00:05:40.017+05:30  INFO 4360 --- [           main] t.c.s.AnnotationConfigContextLoaderUtils : Could not detect default configuration classes for test class [com.company.mts.controller.RewardControllerIntegrationTest]: RewardControllerIntegrationTest does not declare any static, non-private, non-final, nested classes annotated with @Configuration.
2026-06-23T00:05:40.019+05:30  INFO 4360 --- [           main] .b.t.c.SpringBootTestContextBootstrapper : Found @SpringBootConfiguration com.company.mts.Main for test class com.company.mts.controller.RewardControllerIntegrationTest

  .   ____          _            __ _ _
 /\\ / ___'_ __ _ _(_)_ __  __ _ \ \ \ \
( ( )\___ | '_ | '_| | '_ \/ _` | \ \ \ \
 \\/  ___)| |_)| | | | | || (_| |  ) ) ) )
  '  |____| .__|_| |_|_| |_\__, | / / / /
 =========|_|==============|___/=/_/_/_/

 :: Spring Boot ::               (v3.3.11)

2026-06-23T00:05:40.163+05:30  INFO 4360 --- [           main] c.c.m.c.RewardControllerIntegrationTest  : Starting RewardControllerIntegrationTest using Java 17.0.12 with PID 4360 (started by user in C:\Users\user\Downloads\payfid-money-transfer-system - Copy)
2026-06-23T00:05:40.163+05:30 DEBUG 4360 --- [           main] c.c.m.c.RewardControllerIntegrationTest  : Running with Spring Boot v3.3.11, Spring v6.1.19
2026-06-23T00:05:40.163+05:30  INFO 4360 --- [           main] c.c.m.c.RewardControllerIntegrationTest  : No active profile set, falling back to 1 default profile: "default"
2026-06-23T00:05:40.705+05:30  INFO 4360 --- [           main] .s.d.r.c.RepositoryConfigurationDelegate : Bootstrapping Spring Data JPA repositories in DEFAULT mode.
2026-06-23T00:05:40.802+05:30  INFO 4360 --- [           main] .s.d.r.c.RepositoryConfigurationDelegate : Finished Spring Data repository scanning in 97 ms. Found 6 JPA repository interfaces.
2026-06-23T00:05:41.370+05:30  INFO 4360 --- [           main] o.hibernate.jpa.internal.util.LogHelper  : HHH000204: Processing PersistenceUnitInfo [name: default]
2026-06-23T00:05:41.373+05:30  INFO 4360 --- [           main] o.h.c.internal.RegionFactoryInitiator    : HHH000026: Second-level cache disabled
2026-06-23T00:05:41.381+05:30  INFO 4360 --- [           main] o.s.o.j.p.SpringPersistenceUnitInfo      : No LoadTimeWeaver setup: ignoring JPA class transformer
2026-06-23T00:05:41.382+05:30  INFO 4360 --- [           main] com.zaxxer.hikari.HikariDataSource       : HikariPool-6 - Starting...
2026-06-23T00:05:41.383+05:30  INFO 4360 --- [           main] com.zaxxer.hikari.pool.HikariPool        : HikariPool-6 - Added connection conn25: url=jdbc:h2:mem:testdb user=SA
2026-06-23T00:05:41.383+05:30  INFO 4360 --- [           main] com.zaxxer.hikari.HikariDataSource       : HikariPool-6 - Start completed.
2026-06-23T00:05:41.384+05:30  WARN 4360 --- [           main] org.hibernate.dialect.Dialect            : HHH000511: The 2.2.224 version for [org.hibernate.dialect.MySQLDialect] is no longer supported, hence certain features may not work properly. The minimum supported version is 8.0.0. Check the community dialects project for available legacy versions.
2026-06-23T00:05:41.384+05:30  WARN 4360 --- [           main] org.hibernate.orm.deprecation            : HHH90000025: MySQLDialect does not need to be specified explicitly using 'hibernate.dialect' (remove the property setting and it will be selected by default)
2026-06-23T00:05:41.477+05:30  INFO 4360 --- [           main] o.h.e.t.j.p.i.JtaPlatformInitiator       : HHH000489: No JTA platform available (set 'hibernate.transaction.jta.platform' to enable JTA platform integration)
2026-06-23T00:05:41.477+05:30  INFO 4360 --- [           main] j.LocalContainerEntityManagerFactoryBean : Initialized JPA EntityManagerFactory for persistence unit 'default'
2026-06-23T00:05:42.664+05:30  INFO 4360 --- [           main] com.company.mts.config.SecurityConfig    : [SecurityConfig] Initialized with JwtTokenProvider and UserDetailsService
2026-06-23T00:05:42.725+05:30  INFO 4360 --- [           main] com.company.mts.service.AccountService   : [AccountService] Initialized with AccountRepository
2026-06-23T00:05:42.756+05:30  INFO 4360 --- [           main] c.c.mts.service.BankDetailsService       : [BankDetailsService] Initialized with BankDetailsRepository
2026-06-23T00:05:42.798+05:30  INFO 4360 --- [           main] c.c.m.controller.AccountSetupController  : [AccountSetupController] Initialized with BankDetailsService, EmailService, AccountRepository, AuthUserRepository
2026-06-23T00:05:42.803+05:30  INFO 4360 --- [           main] com.company.mts.config.SecurityConfig    : [SecurityConfig] Creating BCryptPasswordEncoder bean
2026-06-23T00:05:42.803+05:30  INFO 4360 --- [           main] com.company.mts.service.AuthService      : [AuthService] Initialized with all dependencies
2026-06-23T00:05:42.804+05:30  INFO 4360 --- [           main] c.company.mts.controller.AuthController  : [AuthController] Initialized with AuthService and JwtTokenProvider
2026-06-23T00:05:43.122+05:30  WARN 4360 --- [           main] JpaBaseConfiguration$JpaWebConfiguration : spring.jpa.open-in-view is enabled by default. Therefore, database queries may be performed during view rendering. Explicitly configure spring.jpa.open-in-view to disable this warning
2026-06-23T00:05:43.148+05:30  INFO 4360 --- [           main] r$InitializeUserDetailsManagerConfigurer : Global AuthenticationManager configured with UserDetailsService bean with name customUserDetailsService
2026-06-23T00:05:43.569+05:30  INFO 4360 --- [           main] com.company.mts.config.SecurityConfig    : [SecurityConfig] Configuring SecurityFilterChain...
2026-06-23T00:05:43.570+05:30  INFO 4360 --- [           main] com.company.mts.config.SecurityConfig    : [SecurityConfig] Public endpoints: /api/v1/auth/signup, /api/v1/auth/login, /api/v1/auth/login-with-token
2026-06-23T00:05:43.570+05:30  INFO 4360 --- [           main] com.company.mts.config.SecurityConfig    : [SecurityConfig] Public endpoints: /api/v1/auth/forgot-password, /api/v1/auth/reset-password/**
2026-06-23T00:05:43.570+05:30  INFO 4360 --- [           main] com.company.mts.config.SecurityConfig    : [SecurityConfig] Public endpoints: /api/v1/account-setup/send-otp, /api/v1/account-setup/verify-otp
2026-06-23T00:05:43.570+05:30  INFO 4360 --- [           main] com.company.mts.config.SecurityConfig    : [SecurityConfig] Public endpoints: POST /api/v1/account-setup, /api/v1/rewards/**
2026-06-23T00:05:43.572+05:30  INFO 4360 --- [           main] com.company.mts.config.SecurityConfig    : [SecurityConfig] Creating JwtAuthenticationFilter bean
2026-06-23T00:05:43.575+05:30  INFO 4360 --- [           main] com.company.mts.config.SecurityConfig    : [SecurityConfig] SecurityFilterChain configured successfully
2026-06-23T00:05:43.625+05:30  INFO 4360 --- [           main] com.company.mts.config.SecurityConfig    : [SecurityConfig] Creating AuthenticationManager bean
2026-06-23T00:05:44.100+05:30 DEBUG 4360 --- [           main] c.c.m.security.JwtAuthenticationFilter   : Filter 'jwtAuthenticationFilter' configured for use
2026-06-23T00:05:44.101+05:30  INFO 4360 --- [           main] o.s.b.t.m.w.SpringBootMockServletContext : Initializing Spring TestDispatcherServlet ''
2026-06-23T00:05:44.101+05:30  INFO 4360 --- [           main] o.s.t.web.servlet.TestDispatcherServlet  : Initializing Servlet ''
2026-06-23T00:05:44.105+05:30  INFO 4360 --- [           main] o.s.t.web.servlet.TestDispatcherServlet  : Completed initialization in 4 ms
2026-06-23T00:05:44.127+05:30  INFO 4360 --- [           main] c.c.m.c.RewardControllerIntegrationTest  : Started RewardControllerIntegrationTest in 4.104 seconds (process running for 44.393)
2026-06-23T00:05:44.129+05:30 ERROR 4360 --- [           main] c.c.mts.config.DatabaseSchemaFixer       : [DatabaseSchemaFixer] Error checking/updating table 'accounts': StatementCallback; bad SQL grammar [SHOW COLUMNS FROM accounts LIKE 'created_on']
2026-06-23T00:05:44.132+05:30 ERROR 4360 --- [           main] c.c.mts.config.DatabaseSchemaFixer       : [DatabaseSchemaFixer] Error checking/updating table 'bank_details': StatementCallback; bad SQL grammar [SHOW COLUMNS FROM bank_details LIKE 'created_on']
2026-06-23T00:05:44.133+05:30 ERROR 4360 --- [           main] c.c.mts.config.DatabaseSchemaFixer       : [DatabaseSchemaFixer] Error checking/updating table 'auth_users': StatementCallback; bad SQL grammar [SHOW COLUMNS FROM auth_users LIKE 'created_on']
2026-06-23T00:05:44.139+05:30  INFO 4360 --- [   scheduling-1] com.company.mts.aspect.LoggingAspect     : ==> SERVICE CALL: SnowflakeSyncService.syncToSnowflake() with arguments: []
2026-06-23T00:05:44.143+05:30  INFO 4360 --- [   scheduling-1] c.c.mts.service.SnowflakeSyncService     : Starting H2 to Snowflake synchronization...
2026-06-23T00:05:44.343+05:30  INFO 4360 --- [           main] com.company.mts.aspect.LoggingAspect     : >>> CONTROLLER REQUEST: RewardController.evaluateReward()
2026-06-23T00:05:44.346+05:30  INFO 4360 --- [           main] com.company.mts.aspect.LoggingAspect     : <<< CONTROLLER RESPONSE: RewardController.evaluateReward() completed in 3ms
]]></system-out>
  </testcase>
  <testcase name="getRewardHistory_Success" classname="com.company.mts.controller.RewardControllerIntegrationTest" time="0.008">
    <system-out><![CDATA[2026-06-23T00:05:44.369+05:30  INFO 4360 --- [           main] com.company.mts.aspect.LoggingAspect     : >>> CONTROLLER REQUEST: RewardController.getRewardHistory()
2026-06-23T00:05:44.370+05:30  INFO 4360 --- [           main] com.company.mts.aspect.LoggingAspect     : <<< CONTROLLER RESPONSE: RewardController.getRewardHistory() completed in 1ms
]]></system-out>
  </testcase>
  <testcase name="initializeRewardAccount_Success" classname="com.company.mts.controller.RewardControllerIntegrationTest" time="0.006">
    <system-out><![CDATA[2026-06-23T00:05:44.377+05:30  INFO 4360 --- [           main] com.company.mts.aspect.LoggingAspect     : >>> CONTROLLER REQUEST: RewardController.initializeRewardAccount()
2026-06-23T00:05:44.378+05:30  INFO 4360 --- [           main] com.company.mts.aspect.LoggingAspect     : <<< CONTROLLER RESPONSE: RewardController.initializeRewardAccount() completed in 1ms
]]></system-out>
  </testcase>
  <testcase name="health_Success" classname="com.company.mts.controller.RewardControllerIntegrationTest" time="0.006">
    <system-out><![CDATA[2026-06-23T00:05:44.385+05:30  INFO 4360 --- [           main] com.company.mts.aspect.LoggingAspect     : >>> CONTROLLER REQUEST: RewardController.health()
2026-06-23T00:05:44.385+05:30  INFO 4360 --- [           main] com.company.mts.aspect.LoggingAspect     : <<< CONTROLLER RESPONSE: RewardController.health() completed in 0ms
]]></system-out>
  </testcase>
  <testcase name="getRewardSummary_Success" classname="com.company.mts.controller.RewardControllerIntegrationTest" time="0.05">
    <system-out><![CDATA[2026-06-23T00:05:44.413+05:30  INFO 4360 --- [           main] com.company.mts.aspect.LoggingAspect     : >>> CONTROLLER REQUEST: RewardController.getRewardSummary()
2026-06-23T00:05:44.413+05:30  INFO 4360 --- [           main] com.company.mts.aspect.LoggingAspect     : <<< CONTROLLER RESPONSE: RewardController.getRewardSummary() completed in 0ms
]]></system-out>
  </testcase>
  <testcase name="evaluateReward_NotEligible_ReturnsNoContent" classname="com.company.mts.controller.RewardControllerIntegrationTest" time="0.084">
    <system-out><![CDATA[2026-06-23T00:05:44.486+05:30  INFO 4360 --- [           main] com.company.mts.aspect.LoggingAspect     : >>> CONTROLLER REQUEST: RewardController.evaluateReward()
2026-06-23T00:05:44.488+05:30  INFO 4360 --- [           main] com.company.mts.aspect.LoggingAspect     : <<< CONTROLLER RESPONSE: RewardController.evaluateReward() completed in 2ms
]]></system-out>
  </testcase>
</testsuite>