<?xml version="1.0" encoding="UTF-8"?>
<testsuite xmlns:xsi="http://www.w3.org/2001/XMLSchema-instance" xsi:noNamespaceSchemaLocation="https://maven.apache.org/surefire/maven-surefire-plugin/xsd/surefire-test-report-3.0.xsd" version="3.0" name="com.company.mts.controller.AccountSetupControllerIntegrationTest" time="1.909" tests="18" errors="0" skipped="0" failures="0">
  <properties>
[...]
</properties>
  <testcase name="update_Found_Success" classname="com.company.mts.controller.AccountSetupControllerIntegrationTest" time="0.027">
    <system-out><![CDATA[2026-06-23T01:34:18.657+05:30  INFO 15912 --- [           main] t.c.s.AnnotationConfigContextLoaderUtils : Could not detect default configuration classes for test class [com.company.mts.controller.AccountSetupControllerIntegrationTest]: AccountSetupControllerIntegrationTest does not declare any static, non-private, non-final, nested classes annotated with @Configuration.
2026-06-23T01:34:18.663+05:30  INFO 15912 --- [           main] .b.t.c.SpringBootTestContextBootstrapper : Found @SpringBootConfiguration com.company.mts.Main for test class com.company.mts.controller.AccountSetupControllerIntegrationTest

  .   ____          _            __ _ _
 /\\ / ___'_ __ _ _(_)_ __  __ _ \ \ \ \
( ( )\___ | '_ | '_| | '_ \/ _` | \ \ \ \
 \\/  ___)| |_)| | | | | || (_| |  ) ) ) )
  '  |____| .__|_| |_|_| |_\__, | / / / /
 =========|_|==============|___/=/_/_/_/

 :: Spring Boot ::               (v3.3.11)

2026-06-23T01:34:18.684+05:30  INFO 15912 --- [           main] .c.AccountSetupControllerIntegrationTest : Starting AccountSetupControllerIntegrationTest using Java 17.0.12 with PID 15912 (started by user in C:\Users\user\Documents\GitHub\payfid-money-transfer-system)
2026-06-23T01:34:18.684+05:30 DEBUG 15912 --- [           main] .c.AccountSetupControllerIntegrationTest : Running with Spring Boot v3.3.11, Spring v6.1.19
2026-06-23T01:34:18.684+05:30  INFO 15912 --- [           main] .c.AccountSetupControllerIntegrationTest : No active profile set, falling back to 1 default profile: "default"
2026-06-23T01:34:18.892+05:30  INFO 15912 --- [           main] .s.d.r.c.RepositoryConfigurationDelegate : Bootstrapping Spring Data JPA repositories in DEFAULT mode.
2026-06-23T01:34:18.911+05:30  INFO 15912 --- [           main] .s.d.r.c.RepositoryConfigurationDelegate : Finished Spring Data repository scanning in 16 ms. Found 6 JPA repository interfaces.
2026-06-23T01:34:19.272+05:30  INFO 15912 --- [           main] o.hibernate.jpa.internal.util.LogHelper  : HHH000204: Processing PersistenceUnitInfo [name: default]
2026-06-23T01:34:19.275+05:30  INFO 15912 --- [           main] o.h.c.internal.RegionFactoryInitiator    : HHH000026: Second-level cache disabled
2026-06-23T01:34:19.284+05:30  INFO 15912 --- [           main] o.s.o.j.p.SpringPersistenceUnitInfo      : No LoadTimeWeaver setup: ignoring JPA class transformer
2026-06-23T01:34:19.286+05:30  INFO 15912 --- [           main] com.zaxxer.hikari.HikariDataSource       : HikariPool-3 - Starting...
2026-06-23T01:34:19.287+05:30  INFO 15912 --- [           main] com.zaxxer.hikari.pool.HikariPool        : HikariPool-3 - Added connection conn10: url=jdbc:h2:mem:testdb user=SA
2026-06-23T01:34:19.287+05:30  INFO 15912 --- [           main] com.zaxxer.hikari.HikariDataSource       : HikariPool-3 - Start completed.
2026-06-23T01:34:19.287+05:30  WARN 15912 --- [           main] org.hibernate.dialect.Dialect            : HHH000511: The 2.2.224 version for [org.hibernate.dialect.MySQLDialect] is no longer supported, hence certain features may not work properly. The minimum supported version is 8.0.0. Check the community dialects project for available legacy versions.
2026-06-23T01:34:19.287+05:30  WARN 15912 --- [           main] org.hibernate.orm.deprecation            : HHH90000025: MySQLDialect does not need to be specified explicitly using 'hibernate.dialect' (remove the property setting and it will be selected by default)
2026-06-23T01:34:19.418+05:30  INFO 15912 --- [           main] o.h.e.t.j.p.i.JtaPlatformInitiator       : HHH000489: No JTA platform available (set 'hibernate.transaction.jta.platform' to enable JTA platform integration)
2026-06-23T01:34:19.419+05:30  INFO 15912 --- [           main] j.LocalContainerEntityManagerFactoryBean : Initialized JPA EntityManagerFactory for persistence unit 'default'
2026-06-23T01:34:19.453+05:30  INFO 15912 --- [           main] com.company.mts.config.SecurityConfig    : [SecurityConfig] Initialized with JwtTokenProvider and UserDetailsService
2026-06-23T01:34:19.456+05:30  INFO 15912 --- [           main] com.company.mts.service.AccountService   : [AccountService] Initialized with AccountRepository
2026-06-23T01:34:19.459+05:30  INFO 15912 --- [           main] c.c.m.controller.AccountSetupController  : [AccountSetupController] Initialized with BankDetailsService, EmailService, AccountRepository, AuthUserRepository
2026-06-23T01:34:19.462+05:30  INFO 15912 --- [           main] com.company.mts.config.SecurityConfig    : [SecurityConfig] Creating BCryptPasswordEncoder bean
2026-06-23T01:34:19.463+05:30  INFO 15912 --- [           main] com.company.mts.service.AuthService      : [AuthService] Initialized with all dependencies
2026-06-23T01:34:19.463+05:30  INFO 15912 --- [           main] c.company.mts.controller.AuthController  : [AuthController] Initialized with AuthService and JwtTokenProvider
2026-06-23T01:34:19.764+05:30  WARN 15912 --- [           main] JpaBaseConfiguration$JpaWebConfiguration : spring.jpa.open-in-view is enabled by default. Therefore, database queries may be performed during view rendering. Explicitly configure spring.jpa.open-in-view to disable this warning
2026-06-23T01:34:19.777+05:30  INFO 15912 --- [           main] r$InitializeUserDetailsManagerConfigurer : Global AuthenticationManager configured with UserDetailsService bean with name customUserDetailsService
2026-06-23T01:34:19.924+05:30  INFO 15912 --- [           main] com.company.mts.config.SecurityConfig    : [SecurityConfig] Configuring SecurityFilterChain...
2026-06-23T01:34:19.924+05:30  INFO 15912 --- [           main] com.company.mts.config.SecurityConfig    : [SecurityConfig] Public endpoints: /api/v1/auth/signup, /api/v1/auth/login, /api/v1/auth/login-with-token
2026-06-23T01:34:19.924+05:30  INFO 15912 --- [           main] com.company.mts.config.SecurityConfig    : [SecurityConfig] Public endpoints: /api/v1/auth/forgot-password, /api/v1/auth/reset-password/**
2026-06-23T01:34:19.924+05:30  INFO 15912 --- [           main] com.company.mts.config.SecurityConfig    : [SecurityConfig] Public endpoints: /api/v1/account-setup/send-otp, /api/v1/account-setup/verify-otp
2026-06-23T01:34:19.924+05:30  INFO 15912 --- [           main] com.company.mts.config.SecurityConfig    : [SecurityConfig] Public endpoints: POST /api/v1/account-setup, /api/v1/rewards/**
2026-06-23T01:34:19.927+05:30  INFO 15912 --- [           main] com.company.mts.config.SecurityConfig    : [SecurityConfig] Creating JwtAuthenticationFilter bean
2026-06-23T01:34:19.929+05:30  INFO 15912 --- [           main] com.company.mts.config.SecurityConfig    : [SecurityConfig] SecurityFilterChain configured successfully
2026-06-23T01:34:19.948+05:30  INFO 15912 --- [           main] com.company.mts.config.SecurityConfig    : [SecurityConfig] Creating AuthenticationManager bean
2026-06-23T01:34:20.146+05:30 DEBUG 15912 --- [           main] c.c.m.security.JwtAuthenticationFilter   : Filter 'jwtAuthenticationFilter' configured for use
2026-06-23T01:34:20.147+05:30  INFO 15912 --- [           main] o.s.b.t.m.w.SpringBootMockServletContext : Initializing Spring TestDispatcherServlet ''
2026-06-23T01:34:20.147+05:30  INFO 15912 --- [           main] o.s.t.web.servlet.TestDispatcherServlet  : Initializing Servlet ''
2026-06-23T01:34:20.147+05:30  INFO 15912 --- [           main] o.s.t.web.servlet.TestDispatcherServlet  : Completed initialization in 0 ms
2026-06-23T01:34:20.153+05:30  INFO 15912 --- [   scheduling-1] com.company.mts.aspect.LoggingAspect     : ==> SERVICE CALL: SnowflakeSyncService.syncToSnowflake() with arguments: []
2026-06-23T01:34:20.154+05:30  INFO 15912 --- [   scheduling-1] c.c.mts.service.SnowflakeSyncService     : Starting H2 to Snowflake synchronization...
2026-06-23T01:34:20.154+05:30  INFO 15912 --- [           main] .c.AccountSetupControllerIntegrationTest : Started AccountSetupControllerIntegrationTest in 1.488 seconds (process running for 16.121)
2026-06-23T01:34:20.158+05:30 ERROR 15912 --- [           main] c.c.mts.config.DatabaseSchemaFixer       : [DatabaseSchemaFixer] Error checking/updating table 'accounts': StatementCallback; bad SQL grammar [SHOW COLUMNS FROM accounts LIKE 'created_on']
2026-06-23T01:34:20.161+05:30 ERROR 15912 --- [           main] c.c.mts.config.DatabaseSchemaFixer       : [DatabaseSchemaFixer] Error checking/updating table 'bank_details': StatementCallback; bad SQL grammar [SHOW COLUMNS FROM bank_details LIKE 'created_on']
2026-06-23T01:34:20.162+05:30 ERROR 15912 --- [           main] c.c.mts.config.DatabaseSchemaFixer       : [DatabaseSchemaFixer] Error checking/updating table 'auth_users': StatementCallback; bad SQL grammar [SHOW COLUMNS FROM auth_users LIKE 'created_on']
2026-06-23T01:34:20.180+05:30  INFO 15912 --- [           main] com.company.mts.aspect.LoggingAspect     : >>> CONTROLLER REQUEST: AccountSetupController.update()
2026-06-23T01:34:20.181+05:30  INFO 15912 --- [           main] c.c.m.controller.AccountSetupController  : [AccountSetupController] PUT /user/johndoe - Updating bank details
2026-06-23T01:34:20.182+05:30  INFO 15912 --- [           main] c.c.m.controller.AccountSetupController  : [AccountSetupController] PUT /user/johndoe - Bank details UPDATED. id=1
2026-06-23T01:34:20.182+05:30  INFO 15912 --- [           main] com.company.mts.aspect.LoggingAspect     : <<< CONTROLLER RESPONSE: AccountSetupController.update() completed in 2ms
]]></system-out>
  </testcase>
  <testcase name="create_NewDetails_Success" classname="com.company.mts.controller.AccountSetupControllerIntegrationTest" time="0.026">
    <system-out><![CDATA[2026-06-23T01:34:20.202+05:30  INFO 15912 --- [           main] com.company.mts.aspect.LoggingAspect     : >>> CONTROLLER REQUEST: AccountSetupController.create()
2026-06-23T01:34:20.202+05:30  INFO 15912 --- [           main] c.c.m.controller.AccountSetupController  : [AccountSetupController] POST / - Received account setup request for userName='johndoe', accountNumber='123456789012', bankName='HDFC Bank'
2026-06-23T01:34:20.202+05:30 DEBUG 15912 --- [           main] c.c.m.controller.AccountSetupController  : [AccountSetupController] generateUpiId: userName='johndoe', bankName='HDFC Bank' => upiId='johndoe@payfid'
2026-06-23T01:34:20.202+05:30 DEBUG 15912 --- [           main] c.c.m.controller.AccountSetupController  : [AccountSetupController] POST / - Generated UPI ID: 'johndoe@payfid'
2026-06-23T01:34:20.202+05:30  INFO 15912 --- [           main] c.c.m.controller.AccountSetupController  : [AccountSetupController] POST / - Creating new bank details for userName='johndoe'
2026-06-23T01:34:20.202+05:30  INFO 15912 --- [           main] c.c.m.controller.AccountSetupController  : [AccountSetupController] POST / - Bank details SAVED. id=1, accountNumber='123456789012', upiId='johndoe@fihdfc'
2026-06-23T01:34:20.203+05:30  INFO 15912 --- [           main] c.c.m.controller.AccountSetupController  : [AccountSetupController] POST / - Creating Account entry with ?10,000 for accountNumber='123456789012'
2026-06-23T01:34:20.204+05:30  INFO 15912 --- [           main] c.c.m.controller.AccountSetupController  : [AccountSetupController] POST / - Account entry CREATED for accountNumber='123456789012'
2026-06-23T01:34:20.204+05:30  INFO 15912 --- [           main] c.c.m.controller.AccountSetupController  : [AccountSetupController] POST / - Updated AuthUser 'johndoe' firstLogin flag to false
2026-06-23T01:34:20.206+05:30  INFO 15912 --- [           main] c.c.m.controller.AccountSetupController  : [AccountSetupController] POST / - Account setup SUCCESS. Returning response: id=1, accountNumber='123456789012', upiId='johndoe@fihdfc'
2026-06-23T01:34:20.206+05:30  INFO 15912 --- [           main] com.company.mts.aspect.LoggingAspect     : <<< CONTROLLER RESPONSE: AccountSetupController.create() completed in 4ms
]]></system-out>
  </testcase>
  <testcase name="create_ExistingDetails_Reuses" classname="com.company.mts.controller.AccountSetupControllerIntegrationTest" time="0.011">
    <system-out><![CDATA[2026-06-23T01:34:20.226+05:30  INFO 15912 --- [           main] com.company.mts.aspect.LoggingAspect     : >>> CONTROLLER REQUEST: AccountSetupController.create()
2026-06-23T01:34:20.227+05:30  INFO 15912 --- [           main] c.c.m.controller.AccountSetupController  : [AccountSetupController] POST / - Received account setup request for userName='johndoe', accountNumber='123456789012', bankName='HDFC Bank'
2026-06-23T01:34:20.227+05:30 DEBUG 15912 --- [           main] c.c.m.controller.AccountSetupController  : [AccountSetupController] generateUpiId: userName='johndoe', bankName='HDFC Bank' => upiId='johndoe@payfid'
2026-06-23T01:34:20.227+05:30 DEBUG 15912 --- [           main] c.c.m.controller.AccountSetupController  : [AccountSetupController] POST / - Generated UPI ID: 'johndoe@payfid'
2026-06-23T01:34:20.227+05:30  INFO 15912 --- [           main] c.c.m.controller.AccountSetupController  : [AccountSetupController] POST / - Found existing bank details for user='johndoe' or account='123456789012'
2026-06-23T01:34:20.227+05:30  INFO 15912 --- [           main] c.c.m.controller.AccountSetupController  : [AccountSetupController] POST / - Re-using existing bank details (self-healing). id=1
2026-06-23T01:34:20.227+05:30  INFO 15912 --- [           main] c.c.m.controller.AccountSetupController  : [AccountSetupController] POST / - Account entry already exists for accountNumber='123456789012'
2026-06-23T01:34:20.227+05:30  INFO 15912 --- [           main] c.c.m.controller.AccountSetupController  : [AccountSetupController] POST / - Account setup SUCCESS. Returning response: id=1, accountNumber='123456789012', upiId='johndoe@fihdfc'
2026-06-23T01:34:20.227+05:30  INFO 15912 --- [           main] com.company.mts.aspect.LoggingAspect     : <<< CONTROLLER RESPONSE: AccountSetupController.create() completed in 1ms
]]></system-out>
  </testcase>
  <testcase name="create_DataIntegrityViolation_ReturnsConflict" classname="com.company.mts.controller.AccountSetupControllerIntegrationTest" time="0.018">
    <system-out><![CDATA[2026-06-23T01:34:20.244+05:30  INFO 15912 --- [           main] com.company.mts.aspect.LoggingAspect     : >>> CONTROLLER REQUEST: AccountSetupController.create()
2026-06-23T01:34:20.245+05:30  INFO 15912 --- [           main] c.c.m.controller.AccountSetupController  : [AccountSetupController] POST / - Received account setup request for userName='johndoe', accountNumber='123456789012', bankName='HDFC Bank'
2026-06-23T01:34:20.245+05:30 DEBUG 15912 --- [           main] c.c.m.controller.AccountSetupController  : [AccountSetupController] generateUpiId: userName='johndoe', bankName='HDFC Bank' => upiId='johndoe@payfid'
2026-06-23T01:34:20.245+05:30 DEBUG 15912 --- [           main] c.c.m.controller.AccountSetupController  : [AccountSetupController] POST / - Generated UPI ID: 'johndoe@payfid'
2026-06-23T01:34:20.246+05:30  INFO 15912 --- [           main] c.c.m.controller.AccountSetupController  : [AccountSetupController] POST / - Creating new bank details for userName='johndoe'
2026-06-23T01:34:20.246+05:30 ERROR 15912 --- [           main] c.c.m.controller.AccountSetupController  : [AccountSetupController] POST / - DataIntegrityViolationException: unique index violation
2026-06-23T01:34:20.246+05:30  INFO 15912 --- [           main] com.company.mts.aspect.LoggingAspect     : <<< CONTROLLER RESPONSE: AccountSetupController.create() completed in 2ms
]]></system-out>
  </testcase>
  <testcase name="getByUserName_NotFound" classname="com.company.mts.controller.AccountSetupControllerIntegrationTest" time="0.021">
    <system-out><![CDATA[2026-06-23T01:34:20.261+05:30  INFO 15912 --- [           main] com.company.mts.aspect.LoggingAspect     : >>> CONTROLLER REQUEST: AccountSetupController.getByUserName()
2026-06-23T01:34:20.261+05:30  INFO 15912 --- [           main] c.c.m.controller.AccountSetupController  : [AccountSetupController] GET /user/johndoe - Looking up bank details by userName
2026-06-23T01:34:20.262+05:30  WARN 15912 --- [           main] c.c.m.controller.AccountSetupController  : [AccountSetupController] GET /user/johndoe - Bank details NOT FOUND
2026-06-23T01:34:20.263+05:30 ERROR 15912 --- [           main] com.company.mts.aspect.LoggingAspect     : <<< CONTROLLER ERROR: AccountSetupController.getByUserName() failed after 2ms - IllegalArgumentException: Bank details not found for user: johndoe
]]></system-out>
  </testcase>
  <testcase name="otpFlow_Success" classname="com.company.mts.controller.AccountSetupControllerIntegrationTest" time="0.055">
    <system-out><![CDATA[2026-06-23T01:34:20.316+05:30  INFO 15912 --- [           main] com.company.mts.aspect.LoggingAspect     : >>> CONTROLLER REQUEST: AccountSetupController.sendOtp()
2026-06-23T01:34:20.317+05:30  INFO 15912 --- [           main] c.c.m.controller.AccountSetupController  : [AccountSetupController] POST /send-otp - Sending OTP to contact='john@test.com'
2026-06-23T01:34:20.317+05:30 DEBUG 15912 --- [           main] c.c.m.controller.AccountSetupController  : [AccountSetupController] POST /send-otp - Generated OTP for contact='john@test.com' (stored in memory)
2026-06-23T01:34:20.317+05:30  INFO 15912 --- [           main] c.c.m.controller.AccountSetupController  : [AccountSetupController] POST /send-otp - Contact is an email, sending OTP email to 'john@test.com'
2026-06-23T01:34:20.318+05:30  INFO 15912 --- [           main] c.c.m.controller.AccountSetupController  : [AccountSetupController] POST /send-otp - OTP email sent successfully to 'john@test.com'
2026-06-23T01:34:20.318+05:30  INFO 15912 --- [           main] c.c.m.controller.AccountSetupController  : [AccountSetupController] POST /send-otp - Response sent. OTP generated for contact='john@test.com'
2026-06-23T01:34:20.318+05:30  INFO 15912 --- [           main] com.company.mts.aspect.LoggingAspect     : <<< CONTROLLER RESPONSE: AccountSetupController.sendOtp() completed in 2ms
2026-06-23T01:34:20.324+05:30  INFO 15912 --- [           main] com.company.mts.aspect.LoggingAspect     : >>> CONTROLLER REQUEST: AccountSetupController.sendOtp()
2026-06-23T01:34:20.324+05:30  INFO 15912 --- [           main] c.c.m.controller.AccountSetupController  : [AccountSetupController] POST /send-otp - Sending OTP to contact='john@test.com'
2026-06-23T01:34:20.324+05:30 DEBUG 15912 --- [           main] c.c.m.controller.AccountSetupController  : [AccountSetupController] POST /send-otp - Generated OTP for contact='john@test.com' (stored in memory)
2026-06-23T01:34:20.324+05:30  INFO 15912 --- [           main] c.c.m.controller.AccountSetupController  : [AccountSetupController] POST /send-otp - Contact is an email, sending OTP email to 'john@test.com'
2026-06-23T01:34:20.324+05:30 ERROR 15912 --- [           main] c.c.m.controller.AccountSetupController  : [AccountSetupController] POST /send-otp - Failed to send OTP email to 'john@test.com': RuntimeException - Mail server down
2026-06-23T01:34:20.324+05:30  WARN 15912 --- [           main] c.c.m.controller.AccountSetupController  : [AccountSetupController] POST /send-otp - OTP stored in memory despite email failure. For testing, check logs.
2026-06-23T01:34:20.324+05:30  INFO 15912 --- [           main] c.c.m.controller.AccountSetupController  : [AccountSetupController] POST /send-otp - Response sent. OTP generated for contact='john@test.com'
2026-06-23T01:34:20.324+05:30  INFO 15912 --- [           main] com.company.mts.aspect.LoggingAspect     : <<< CONTROLLER RESPONSE: AccountSetupController.sendOtp() completed in 0ms
2026-06-23T01:34:20.327+05:30  INFO 15912 --- [           main] com.company.mts.aspect.LoggingAspect     : >>> CONTROLLER REQUEST: AccountSetupController.sendOtp()
2026-06-23T01:34:20.327+05:30  INFO 15912 --- [           main] c.c.m.controller.AccountSetupController  : [AccountSetupController] POST /send-otp - Sending OTP to contact='1234567890'
2026-06-23T01:34:20.327+05:30 DEBUG 15912 --- [           main] c.c.m.controller.AccountSetupController  : [AccountSetupController] POST /send-otp - Generated OTP for contact='1234567890' (stored in memory)
2026-06-23T01:34:20.327+05:30  INFO 15912 --- [           main] c.c.m.controller.AccountSetupController  : [AccountSetupController] POST /send-otp - Response sent. OTP generated for contact='1234567890'
2026-06-23T01:34:20.327+05:30  INFO 15912 --- [           main] com.company.mts.aspect.LoggingAspect     : <<< CONTROLLER RESPONSE: AccountSetupController.sendOtp() completed in 0ms
2026-06-23T01:34:20.329+05:30  INFO 15912 --- [           main] com.company.mts.aspect.LoggingAspect     : >>> CONTROLLER REQUEST: AccountSetupController.verifyOtp()
2026-06-23T01:34:20.329+05:30  INFO 15912 --- [           main] c.c.m.controller.AccountSetupController  : [AccountSetupController] POST /verify-otp - Verifying OTP for contact='john@test.com', otp='000000'
2026-06-23T01:34:20.329+05:30  WARN 15912 --- [           main] c.c.m.controller.AccountSetupController  : [AccountSetupController] POST /verify-otp - OTP verification FAILED for contact='john@test.com'. Expected='994607', Got='000000'
2026-06-23T01:34:20.329+05:30  INFO 15912 --- [           main] com.company.mts.aspect.LoggingAspect     : <<< CONTROLLER RESPONSE: AccountSetupController.verifyOtp() completed in 0ms
2026-06-23T01:34:20.332+05:30  INFO 15912 --- [           main] com.company.mts.aspect.LoggingAspect     : >>> CONTROLLER REQUEST: AccountSetupController.verifyOtp()
2026-06-23T01:34:20.332+05:30  INFO 15912 --- [           main] c.c.m.controller.AccountSetupController  : [AccountSetupController] POST /verify-otp - Verifying OTP for contact='john@test.com', otp='123456'
2026-06-23T01:34:20.332+05:30  INFO 15912 --- [           main] c.c.m.controller.AccountSetupController  : [AccountSetupController] POST /verify-otp - OTP verification SUCCESS for contact='john@test.com'
2026-06-23T01:34:20.332+05:30  INFO 15912 --- [           main] com.company.mts.aspect.LoggingAspect     : <<< CONTROLLER RESPONSE: AccountSetupController.verifyOtp() completed in 0ms
]]></system-out>
  </testcase>
  <testcase name="setPin_Success" classname="com.company.mts.controller.AccountSetupControllerIntegrationTest" time="0.006">
    <system-out><![CDATA[2026-06-23T01:34:20.338+05:30  INFO 15912 --- [           main] com.company.mts.aspect.LoggingAspect     : >>> CONTROLLER REQUEST: AccountSetupController.setPin()
2026-06-23T01:34:20.338+05:30  INFO 15912 --- [           main] c.c.m.controller.AccountSetupController  : [AccountSetupController] POST /user/johndoe/pin - Setting PIN (length=4)
2026-06-23T01:34:20.338+05:30  INFO 15912 --- [           main] c.c.m.controller.AccountSetupController  : [AccountSetupController] POST /user/johndoe/pin - PIN set SUCCESS
2026-06-23T01:34:20.338+05:30  INFO 15912 --- [           main] com.company.mts.aspect.LoggingAspect     : <<< CONTROLLER RESPONSE: AccountSetupController.setPin() completed in 0ms
]]></system-out>
  </testcase>
  <testcase name="create_GeneralException_ReturnsInternalError" classname="com.company.mts.controller.AccountSetupControllerIntegrationTest" time="0.023">
    <system-out><![CDATA[2026-06-23T01:34:20.351+05:30  INFO 15912 --- [           main] com.company.mts.aspect.LoggingAspect     : >>> CONTROLLER REQUEST: AccountSetupController.create()
2026-06-23T01:34:20.351+05:30  INFO 15912 --- [           main] c.c.m.controller.AccountSetupController  : [AccountSetupController] POST / - Received account setup request for userName='johndoe', accountNumber='123456789012', bankName='HDFC Bank'
2026-06-23T01:34:20.351+05:30 DEBUG 15912 --- [           main] c.c.m.controller.AccountSetupController  : [AccountSetupController] generateUpiId: userName='johndoe', bankName='HDFC Bank' => upiId='johndoe@payfid'
2026-06-23T01:34:20.351+05:30 DEBUG 15912 --- [           main] c.c.m.controller.AccountSetupController  : [AccountSetupController] POST / - Generated UPI ID: 'johndoe@payfid'
2026-06-23T01:34:20.351+05:30  INFO 15912 --- [           main] c.c.m.controller.AccountSetupController  : [AccountSetupController] POST / - Creating new bank details for userName='johndoe'
2026-06-23T01:34:20.352+05:30 ERROR 15912 --- [           main] c.c.m.controller.AccountSetupController  : [AccountSetupController] POST / - Unexpected error: RuntimeException - Something failed

java.lang.RuntimeException: Something failed
	at com.company.mts.service.BankDetailsService.save(BankDetailsService.java:22) ~[classes/:na]
	at com.company.mts.controller.AccountSetupController.create(AccountSetupController.java:114) ~[classes/:na]
	at java.base/jdk.internal.reflect.NativeMethodAccessorImpl.invoke0(Native Method) ~[na:na]
	at java.base/jdk.internal.reflect.NativeMethodAccessorImpl.invoke(NativeMethodAccessorImpl.java:77) ~[na:na]
	at java.base/jdk.internal.reflect.DelegatingMethodAccessorImpl.invoke(DelegatingMethodAccessorImpl.java:43) ~[na:na]
	at java.base/java.lang.reflect.Method.invoke(Method.java:568) ~[na:na]
	at org.springframework.aop.support.AopUtils.invokeJoinpointUsingReflection(AopUtils.java:355) ~[spring-aop-6.1.19.jar:6.1.19]
	at org.springframework.aop.framework.ReflectiveMethodInvocation.invokeJoinpoint(ReflectiveMethodInvocation.java:196) ~[spring-aop-6.1.19.jar:6.1.19]
	at org.springframework.aop.framework.ReflectiveMethodInvocation.proceed(ReflectiveMethodInvocation.java:163) ~[spring-aop-6.1.19.jar:6.1.19]
	at org.springframework.aop.framework.CglibAopProxy$CglibMethodInvocation.proceed(CglibAopProxy.java:769) ~[spring-aop-6.1.19.jar:6.1.19]
	at org.springframework.aop.aspectj.MethodInvocationProceedingJoinPoint.proceed(MethodInvocationProceedingJoinPoint.java:89) ~[spring-aop-6.1.19.jar:6.1.19]
	at com.company.mts.aspect.LoggingAspect.logAroundControllerMethod(LoggingAspect.java:90) ~[classes/:na]
	at jdk.internal.reflect.GeneratedMethodAccessor82.invoke(Unknown Source) ~[na:na]
	at java.base/jdk.internal.reflect.DelegatingMethodAccessorImpl.invoke(DelegatingMethodAccessorImpl.java:43) ~[na:na]
	at java.base/java.lang.reflect.Method.invoke(Method.java:568) ~[na:na]
	at org.springframework.aop.aspectj.AbstractAspectJAdvice.invokeAdviceMethodWithGivenArgs(AbstractAspectJAdvice.java:641) ~[spring-aop-6.1.19.jar:6.1.19]
	at org.springframework.aop.aspectj.AbstractAspectJAdvice.invokeAdviceMethod(AbstractAspectJAdvice.java:631) ~[spring-aop-6.1.19.jar:6.1.19]
	at org.springframework.aop.aspectj.AspectJAroundAdvice.invoke(AspectJAroundAdvice.java:71) ~[spring-aop-6.1.19.jar:6.1.19]
	at org.springframework.aop.framework.ReflectiveMethodInvocation.proceed(ReflectiveMethodInvocation.java:184) ~[spring-aop-6.1.19.jar:6.1.19]
	at org.springframework.aop.framework.CglibAopProxy$CglibMethodInvocation.proceed(CglibAopProxy.java:769) ~[spring-aop-6.1.19.jar:6.1.19]
	at org.springframework.aop.interceptor.ExposeInvocationInterceptor.invoke(ExposeInvocationInterceptor.java:97) ~[spring-aop-6.1.19.jar:6.1.19]
	at org.springframework.aop.framework.ReflectiveMethodInvocation.proceed(ReflectiveMethodInvocation.java:184) ~[spring-aop-6.1.19.jar:6.1.19]
	at org.springframework.aop.framework.CglibAopProxy$CglibMethodInvocation.proceed(CglibAopProxy.java:769) ~[spring-aop-6.1.19.jar:6.1.19]
	at org.springframework.aop.framework.CglibAopProxy$DynamicAdvisedInterceptor.intercept(CglibAopProxy.java:721) ~[spring-aop-6.1.19.jar:6.1.19]
	at com.company.mts.controller.AccountSetupController$$SpringCGLIB$$0.create(<generated>) ~[classes/:na]
	at java.base/jdk.internal.reflect.NativeMethodAccessorImpl.invoke0(Native Method) ~[na:na]
	at java.base/jdk.internal.reflect.NativeMethodAccessorImpl.invoke(NativeMethodAccessorImpl.java:77) ~[na:na]
	at java.base/jdk.internal.reflect.DelegatingMethodAccessorImpl.invoke(DelegatingMethodAccessorImpl.java:43) ~[na:na]
	at java.base/java.lang.reflect.Method.invoke(Method.java:568) ~[na:na]
	at org.springframework.web.method.support.InvocableHandlerMethod.doInvoke(InvocableHandlerMethod.java:255) ~[spring-web-6.1.19.jar:6.1.19]
	at org.springframework.web.method.support.InvocableHandlerMethod.invokeForRequest(InvocableHandlerMethod.java:188) ~[spring-web-6.1.19.jar:6.1.19]
	at org.springframework.web.servlet.mvc.method.annotation.ServletInvocableHandlerMethod.invokeAndHandle(ServletInvocableHandlerMethod.java:118) ~[spring-webmvc-6.1.19.jar:6.1.19]
	at org.springframework.web.servlet.mvc.method.annotation.RequestMappingHandlerAdapter.invokeHandlerMethod(RequestMappingHandlerAdapter.java:926) ~[spring-webmvc-6.1.19.jar:6.1.19]
	at org.springframework.web.servlet.mvc.method.annotation.RequestMappingHandlerAdapter.handleInternal(RequestMappingHandlerAdapter.java:831) ~[spring-webmvc-6.1.19.jar:6.1.19]
	at org.springframework.web.servlet.mvc.method.AbstractHandlerMethodAdapter.handle(AbstractHandlerMethodAdapter.java:87) ~[spring-webmvc-6.1.19.jar:6.1.19]
	at org.springframework.web.servlet.DispatcherServlet.doDispatch(DispatcherServlet.java:1089) ~[spring-webmvc-6.1.19.jar:6.1.19]
	at org.springframework.web.servlet.DispatcherServlet.doService(DispatcherServlet.java:979) ~[spring-webmvc-6.1.19.jar:6.1.19]
	at org.springframework.web.servlet.FrameworkServlet.processRequest(FrameworkServlet.java:1014) ~[spring-webmvc-6.1.19.jar:6.1.19]
	at org.springframework.web.servlet.FrameworkServlet.doPost(FrameworkServlet.java:914) ~[spring-webmvc-6.1.19.jar:6.1.19]
	at jakarta.servlet.http.HttpServlet.service(HttpServlet.java:590) ~[tomcat-embed-core-10.1.40.jar:6.0]
	at org.springframework.web.servlet.FrameworkServlet.service(FrameworkServlet.java:885) ~[spring-webmvc-6.1.19.jar:6.1.19]
	at org.springframework.test.web.servlet.TestDispatcherServlet.service(TestDispatcherServlet.java:72) ~[spring-test-6.1.19.jar:6.1.19]
	at jakarta.servlet.http.HttpServlet.service(HttpServlet.java:658) ~[tomcat-embed-core-10.1.40.jar:6.0]
	at org.springframework.mock.web.MockFilterChain$ServletFilterProxy.doFilter(MockFilterChain.java:165) ~[spring-test-6.1.19.jar:6.1.19]
	at org.springframework.mock.web.MockFilterChain.doFilter(MockFilterChain.java:132) ~[spring-test-6.1.19.jar:6.1.19]
	at org.springframework.web.filter.OncePerRequestFilter.doFilter(OncePerRequestFilter.java:110) ~[spring-web-6.1.19.jar:6.1.19]
	at org.springframework.test.web.servlet.setup.MockMvcFilterDecorator.doFilter(MockMvcFilterDecorator.java:151) ~[spring-test-6.1.19.jar:6.1.19]
	at org.springframework.mock.web.MockFilterChain.doFilter(MockFilterChain.java:132) ~[spring-test-6.1.19.jar:6.1.19]
	at org.springframework.web.filter.CompositeFilter$VirtualFilterChain.doFilter(CompositeFilter.java:108) ~[spring-web-6.1.19.jar:6.1.19]
	at org.springframework.security.web.FilterChainProxy.lambda$doFilterInternal$3(FilterChainProxy.java:231) ~[spring-security-web-6.3.9.jar:6.3.9]
	at org.springframework.security.web.FilterChainProxy$VirtualFilterChain.doFilter(FilterChainProxy.java:365) ~[spring-security-web-6.3.9.jar:6.3.9]
	at org.springframework.security.web.access.intercept.AuthorizationFilter.doFilter(AuthorizationFilter.java:100) ~[spring-security-web-6.3.9.jar:6.3.9]
	at org.springframework.security.web.FilterChainProxy$VirtualFilterChain.doFilter(FilterChainProxy.java:374) ~[spring-security-web-6.3.9.jar:6.3.9]
	at org.springframework.security.web.access.ExceptionTranslationFilter.doFilter(ExceptionTranslationFilter.java:126) ~[spring-security-web-6.3.9.jar:6.3.9]
	at org.springframework.security.web.access.ExceptionTranslationFilter.doFilter(ExceptionTranslationFilter.java:120) ~[spring-security-web-6.3.9.jar:6.3.9]
	at org.springframework.security.web.FilterChainProxy$VirtualFilterChain.doFilter(FilterChainProxy.java:374) ~[spring-security-web-6.3.9.jar:6.3.9]
	at org.springframework.security.web.session.SessionManagementFilter.doFilter(SessionManagementFilter.java:131) ~[spring-security-web-6.3.9.jar:6.3.9]
	at org.springframework.security.web.session.SessionManagementFilter.doFilter(SessionManagementFilter.java:85) ~[spring-security-web-6.3.9.jar:6.3.9]
	at org.springframework.security.web.FilterChainProxy$VirtualFilterChain.doFilter(FilterChainProxy.java:374) ~[spring-security-web-6.3.9.jar:6.3.9]
	at org.springframework.security.web.authentication.AnonymousAuthenticationFilter.doFilter(AnonymousAuthenticationFilter.java:100) ~[spring-security-web-6.3.9.jar:6.3.9]
	at org.springframework.security.web.FilterChainProxy$VirtualFilterChain.doFilter(FilterChainProxy.java:374) ~[spring-security-web-6.3.9.jar:6.3.9]
	at org.springframework.security.web.servletapi.SecurityContextHolderAwareRequestFilter.doFilter(SecurityContextHolderAwareRequestFilter.java:179) ~[spring-security-web-6.3.9.jar:6.3.9]
	at org.springframework.security.web.FilterChainProxy$VirtualFilterChain.doFilter(FilterChainProxy.java:374) ~[spring-security-web-6.3.9.jar:6.3.9]
	at org.springframework.security.web.savedrequest.RequestCacheAwareFilter.doFilter(RequestCacheAwareFilter.java:63) ~[spring-security-web-6.3.9.jar:6.3.9]
	at org.springframework.security.web.FilterChainProxy$VirtualFilterChain.doFilter(FilterChainProxy.java:374) ~[spring-security-web-6.3.9.jar:6.3.9]
	at org.springframework.security.web.authentication.www.BasicAuthenticationFilter.doFilterInternal(BasicAuthenticationFilter.java:181) ~[spring-security-web-6.3.9.jar:6.3.9]
	at org.springframework.web.filter.OncePerRequestFilter.doFilter(OncePerRequestFilter.java:116) ~[spring-web-6.1.19.jar:6.1.19]
	at org.springframework.security.web.FilterChainProxy$VirtualFilterChain.doFilter(FilterChainProxy.java:374) ~[spring-security-web-6.3.9.jar:6.3.9]
	at com.company.mts.security.JwtAuthenticationFilter.doFilterInternal(JwtAuthenticationFilter.java:53) ~[classes/:na]
	at org.springframework.web.filter.OncePerRequestFilter.doFilter(OncePerRequestFilter.java:116) ~[spring-web-6.1.19.jar:6.1.19]
	at org.springframework.security.web.FilterChainProxy$VirtualFilterChain.doFilter(FilterChainProxy.java:374) ~[spring-security-web-6.3.9.jar:6.3.9]
	at org.springframework.security.web.authentication.logout.LogoutFilter.doFilter(LogoutFilter.java:107) ~[spring-security-web-6.3.9.jar:6.3.9]
	at org.springframework.security.web.authentication.logout.LogoutFilter.doFilter(LogoutFilter.java:93) ~[spring-security-web-6.3.9.jar:6.3.9]
	at org.springframework.security.web.FilterChainProxy$VirtualFilterChain.doFilter(FilterChainProxy.java:374) ~[spring-security-web-6.3.9.jar:6.3.9]
	at org.springframework.web.filter.CorsFilter.doFilterInternal(CorsFilter.java:91) ~[spring-web-6.1.19.jar:6.1.19]
	at org.springframework.web.filter.OncePerRequestFilter.doFilter(OncePerRequestFilter.java:116) ~[spring-web-6.1.19.jar:6.1.19]
	at org.springframework.security.web.FilterChainProxy$VirtualFilterChain.doFilter(FilterChainProxy.java:374) ~[spring-security-web-6.3.9.jar:6.3.9]
	at org.springframework.security.web.header.HeaderWriterFilter.doHeadersAfter(HeaderWriterFilter.java:90) ~[spring-security-web-6.3.9.jar:6.3.9]
	at org.springframework.security.web.header.HeaderWriterFilter.doFilterInternal(HeaderWriterFilter.java:75) ~[spring-security-web-6.3.9.jar:6.3.9]
	at org.springframework.web.filter.OncePerRequestFilter.doFilter(OncePerRequestFilter.java:116) ~[spring-web-6.1.19.jar:6.1.19]
	at org.springframework.security.web.FilterChainProxy$VirtualFilterChain.doFilter(FilterChainProxy.java:374) ~[spring-security-web-6.3.9.jar:6.3.9]
	at org.springframework.security.web.context.SecurityContextHolderFilter.doFilter(SecurityContextHolderFilter.java:82) ~[spring-security-web-6.3.9.jar:6.3.9]
	at org.springframework.security.web.context.SecurityContextHolderFilter.doFilter(SecurityContextHolderFilter.java:69) ~[spring-security-web-6.3.9.jar:6.3.9]
	at org.springframework.security.web.FilterChainProxy$VirtualFilterChain.doFilter(FilterChainProxy.java:374) ~[spring-security-web-6.3.9.jar:6.3.9]
	at org.springframework.security.web.context.request.async.WebAsyncManagerIntegrationFilter.doFilterInternal(WebAsyncManagerIntegrationFilter.java:62) ~[spring-security-web-6.3.9.jar:6.3.9]
	at org.springframework.web.filter.OncePerRequestFilter.doFilter(OncePerRequestFilter.java:116) ~[spring-web-6.1.19.jar:6.1.19]
	at org.springframework.security.web.FilterChainProxy$VirtualFilterChain.doFilter(FilterChainProxy.java:374) ~[spring-security-web-6.3.9.jar:6.3.9]
	at org.springframework.security.web.session.DisableEncodeUrlFilter.doFilterInternal(DisableEncodeUrlFilter.java:42) ~[spring-security-web-6.3.9.jar:6.3.9]
	at org.springframework.web.filter.OncePerRequestFilter.doFilter(OncePerRequestFilter.java:116) ~[spring-web-6.1.19.jar:6.1.19]
	at org.springframework.security.web.FilterChainProxy$VirtualFilterChain.doFilter(FilterChainProxy.java:374) ~[spring-security-web-6.3.9.jar:6.3.9]
	at org.springframework.security.web.FilterChainProxy.doFilterInternal(FilterChainProxy.java:233) ~[spring-security-web-6.3.9.jar:6.3.9]
	at org.springframework.security.web.FilterChainProxy.doFilter(FilterChainProxy.java:191) ~[spring-security-web-6.3.9.jar:6.3.9]
	at org.springframework.web.filter.CompositeFilter$VirtualFilterChain.doFilter(CompositeFilter.java:113) ~[spring-web-6.1.19.jar:6.1.19]
	at org.springframework.web.servlet.handler.HandlerMappingIntrospector.lambda$createCacheFilter$3(HandlerMappingIntrospector.java:195) ~[spring-webmvc-6.1.19.jar:6.1.19]
	at org.springframework.web.filter.CompositeFilter$VirtualFilterChain.doFilter(CompositeFilter.java:113) ~[spring-web-6.1.19.jar:6.1.19]
	at org.springframework.web.filter.CompositeFilter.doFilter(CompositeFilter.java:74) ~[spring-web-6.1.19.jar:6.1.19]
	at org.springframework.security.config.annotation.web.configuration.WebMvcSecurityConfiguration$CompositeFilterChainProxy.doFilter(WebMvcSecurityConfiguration.java:230) ~[spring-security-config-6.3.9.jar:6.3.9]
	at org.springframework.web.filter.DelegatingFilterProxy.invokeDelegate(DelegatingFilterProxy.java:362) ~[spring-web-6.1.19.jar:6.1.19]
	at org.springframework.web.filter.DelegatingFilterProxy.doFilter(DelegatingFilterProxy.java:278) ~[spring-web-6.1.19.jar:6.1.19]
	at org.springframework.test.web.servlet.setup.MockMvcFilterDecorator.doFilter(MockMvcFilterDecorator.java:151) ~[spring-test-6.1.19.jar:6.1.19]
	at org.springframework.mock.web.MockFilterChain.doFilter(MockFilterChain.java:132) ~[spring-test-6.1.19.jar:6.1.19]
	at org.springframework.web.filter.RequestContextFilter.doFilterInternal(RequestContextFilter.java:100) ~[spring-web-6.1.19.jar:6.1.19]
	at org.springframework.web.filter.OncePerRequestFilter.doFilter(OncePerRequestFilter.java:116) ~[spring-web-6.1.19.jar:6.1.19]
	at org.springframework.test.web.servlet.setup.MockMvcFilterDecorator.doFilter(MockMvcFilterDecorator.java:151) ~[spring-test-6.1.19.jar:6.1.19]
	at org.springframework.mock.web.MockFilterChain.doFilter(MockFilterChain.java:132) ~[spring-test-6.1.19.jar:6.1.19]
	at org.springframework.web.filter.FormContentFilter.doFilterInternal(FormContentFilter.java:93) ~[spring-web-6.1.19.jar:6.1.19]
	at org.springframework.web.filter.OncePerRequestFilter.doFilter(OncePerRequestFilter.java:116) ~[spring-web-6.1.19.jar:6.1.19]
	at org.springframework.test.web.servlet.setup.MockMvcFilterDecorator.doFilter(MockMvcFilterDecorator.java:151) ~[spring-test-6.1.19.jar:6.1.19]
	at org.springframework.mock.web.MockFilterChain.doFilter(MockFilterChain.java:132) ~[spring-test-6.1.19.jar:6.1.19]
	at org.springframework.web.filter.CharacterEncodingFilter.doFilterInternal(CharacterEncodingFilter.java:201) ~[spring-web-6.1.19.jar:6.1.19]
	at org.springframework.web.filter.OncePerRequestFilter.doFilter(OncePerRequestFilter.java:116) ~[spring-web-6.1.19.jar:6.1.19]
	at org.springframework.test.web.servlet.setup.MockMvcFilterDecorator.doFilter(MockMvcFilterDecorator.java:151) ~[spring-test-6.1.19.jar:6.1.19]
	at org.springframework.mock.web.MockFilterChain.doFilter(MockFilterChain.java:132) ~[spring-test-6.1.19.jar:6.1.19]
	at org.springframework.test.web.servlet.MockMvc.perform(MockMvc.java:201) ~[spring-test-6.1.19.jar:6.1.19]
	at com.company.mts.controller.AccountSetupControllerIntegrationTest.create_GeneralException_ReturnsInternalError(AccountSetupControllerIntegrationTest.java:176) ~[test-classes/:na]
	at java.base/jdk.internal.reflect.NativeMethodAccessorImpl.invoke0(Native Method) ~[na:na]
	at java.base/jdk.internal.reflect.NativeMethodAccessorImpl.invoke(NativeMethodAccessorImpl.java:77) ~[na:na]
	at java.base/jdk.internal.reflect.DelegatingMethodAccessorImpl.invoke(DelegatingMethodAccessorImpl.java:43) ~[na:na]
	at java.base/java.lang.reflect.Method.invoke(Method.java:568) ~[na:na]
	at org.junit.platform.commons.util.ReflectionUtils.invokeMethod(ReflectionUtils.java:728) ~[junit-platform-commons-1.10.5.jar:1.10.5]
	at org.junit.jupiter.engine.execution.MethodInvocation.proceed(MethodInvocation.java:60) ~[junit-jupiter-engine-5.10.5.jar:5.10.5]
	at org.junit.jupiter.engine.execution.InvocationInterceptorChain$ValidatingInvocation.proceed(InvocationInterceptorChain.java:131) ~[junit-jupiter-engine-5.10.5.jar:5.10.5]
	at org.junit.jupiter.engine.extension.TimeoutExtension.intercept(TimeoutExtension.java:156) ~[junit-jupiter-engine-5.10.5.jar:5.10.5]
	at org.junit.jupiter.engine.extension.TimeoutExtension.interceptTestableMethod(TimeoutExtension.java:147) ~[junit-jupiter-engine-5.10.5.jar:5.10.5]
	at org.junit.jupiter.engine.extension.TimeoutExtension.interceptTestMethod(TimeoutExtension.java:86) ~[junit-jupiter-engine-5.10.5.jar:5.10.5]
	at org.junit.jupiter.engine.execution.InterceptingExecutableInvoker$ReflectiveInterceptorCall.lambda$ofVoidMethod$0(InterceptingExecutableInvoker.java:103) ~[junit-jupiter-engine-5.10.5.jar:5.10.5]
	at org.junit.jupiter.engine.execution.InterceptingExecutableInvoker.lambda$invoke$0(InterceptingExecutableInvoker.java:93) ~[junit-jupiter-engine-5.10.5.jar:5.10.5]
	at org.junit.jupiter.engine.execution.InvocationInterceptorChain$InterceptedInvocation.proceed(InvocationInterceptorChain.java:106) ~[junit-jupiter-engine-5.10.5.jar:5.10.5]
	at org.junit.jupiter.engine.execution.InvocationInterceptorChain.proceed(InvocationInterceptorChain.java:64) ~[junit-jupiter-engine-5.10.5.jar:5.10.5]
	at org.junit.jupiter.engine.execution.InvocationInterceptorChain.chainAndInvoke(InvocationInterceptorChain.java:45) ~[junit-jupiter-engine-5.10.5.jar:5.10.5]
	at org.junit.jupiter.engine.execution.InvocationInterceptorChain.invoke(InvocationInterceptorChain.java:37) ~[junit-jupiter-engine-5.10.5.jar:5.10.5]
	at org.junit.jupiter.engine.execution.InterceptingExecutableInvoker.invoke(InterceptingExecutableInvoker.java:92) ~[junit-jupiter-engine-5.10.5.jar:5.10.5]
	at org.junit.jupiter.engine.execution.InterceptingExecutableInvoker.invoke(InterceptingExecutableInvoker.java:86) ~[junit-jupiter-engine-5.10.5.jar:5.10.5]
	at org.junit.jupiter.engine.descriptor.TestMethodTestDescriptor.lambda$invokeTestMethod$7(TestMethodTestDescriptor.java:218) ~[junit-jupiter-engine-5.10.5.jar:5.10.5]
	at org.junit.platform.engine.support.hierarchical.ThrowableCollector.execute(ThrowableCollector.java:73) ~[junit-platform-engine-1.10.5.jar:1.10.5]
	at org.junit.jupiter.engine.descriptor.TestMethodTestDescriptor.invokeTestMethod(TestMethodTestDescriptor.java:214) ~[junit-jupiter-engine-5.10.5.jar:5.10.5]
	at org.junit.jupiter.engine.descriptor.TestMethodTestDescriptor.execute(TestMethodTestDescriptor.java:139) ~[junit-jupiter-engine-5.10.5.jar:5.10.5]
	at org.junit.jupiter.engine.descriptor.TestMethodTestDescriptor.execute(TestMethodTestDescriptor.java:69) ~[junit-jupiter-engine-5.10.5.jar:5.10.5]
	at org.junit.platform.engine.support.hierarchical.NodeTestTask.lambda$executeRecursively$6(NodeTestTask.java:156) ~[junit-platform-engine-1.10.5.jar:1.10.5]
	at org.junit.platform.engine.support.hierarchical.ThrowableCollector.execute(ThrowableCollector.java:73) ~[junit-platform-engine-1.10.5.jar:1.10.5]
	at org.junit.platform.engine.support.hierarchical.NodeTestTask.lambda$executeRecursively$8(NodeTestTask.java:146) ~[junit-platform-engine-1.10.5.jar:1.10.5]
	at org.junit.platform.engine.support.hierarchical.Node.around(Node.java:137) ~[junit-platform-engine-1.10.5.jar:1.10.5]
	at org.junit.platform.engine.support.hierarchical.NodeTestTask.lambda$executeRecursively$9(NodeTestTask.java:144) ~[junit-platform-engine-1.10.5.jar:1.10.5]
	at org.junit.platform.engine.support.hierarchical.ThrowableCollector.execute(ThrowableCollector.java:73) ~[junit-platform-engine-1.10.5.jar:1.10.5]
	at org.junit.platform.engine.support.hierarchical.NodeTestTask.executeRecursively(NodeTestTask.java:143) ~[junit-platform-engine-1.10.5.jar:1.10.5]
	at org.junit.platform.engine.support.hierarchical.NodeTestTask.execute(NodeTestTask.java:100) ~[junit-platform-engine-1.10.5.jar:1.10.5]
	at java.base/java.util.ArrayList.forEach(ArrayList.java:1511) ~[na:na]
	at org.junit.platform.engine.support.hierarchical.SameThreadHierarchicalTestExecutorService.invokeAll(SameThreadHierarchicalTestExecutorService.java:41) ~[junit-platform-engine-1.10.5.jar:1.10.5]
	at org.junit.platform.engine.support.hierarchical.NodeTestTask.lambda$executeRecursively$6(NodeTestTask.java:160) ~[junit-platform-engine-1.10.5.jar:1.10.5]
	at org.junit.platform.engine.support.hierarchical.ThrowableCollector.execute(ThrowableCollector.java:73) ~[junit-platform-engine-1.10.5.jar:1.10.5]
	at org.junit.platform.engine.support.hierarchical.NodeTestTask.lambda$executeRecursively$8(NodeTestTask.java:146) ~[junit-platform-engine-1.10.5.jar:1.10.5]
	at org.junit.platform.engine.support.hierarchical.Node.around(Node.java:137) ~[junit-platform-engine-1.10.5.jar:1.10.5]
	at org.junit.platform.engine.support.hierarchical.NodeTestTask.lambda$executeRecursively$9(NodeTestTask.java:144) ~[junit-platform-engine-1.10.5.jar:1.10.5]
	at org.junit.platform.engine.support.hierarchical.ThrowableCollector.execute(ThrowableCollector.java:73) ~[junit-platform-engine-1.10.5.jar:1.10.5]
	at org.junit.platform.engine.support.hierarchical.NodeTestTask.executeRecursively(NodeTestTask.java:143) ~[junit-platform-engine-1.10.5.jar:1.10.5]
	at org.junit.platform.engine.support.hierarchical.NodeTestTask.execute(NodeTestTask.java:100) ~[junit-platform-engine-1.10.5.jar:1.10.5]
	at java.base/java.util.ArrayList.forEach(ArrayList.java:1511) ~[na:na]
	at org.junit.platform.engine.support.hierarchical.SameThreadHierarchicalTestExecutorService.invokeAll(SameThreadHierarchicalTestExecutorService.java:41) ~[junit-platform-engine-1.10.5.jar:1.10.5]
	at org.junit.platform.engine.support.hierarchical.NodeTestTask.lambda$executeRecursively$6(NodeTestTask.java:160) ~[junit-platform-engine-1.10.5.jar:1.10.5]
	at org.junit.platform.engine.support.hierarchical.ThrowableCollector.execute(ThrowableCollector.java:73) ~[junit-platform-engine-1.10.5.jar:1.10.5]
	at org.junit.platform.engine.support.hierarchical.NodeTestTask.lambda$executeRecursively$8(NodeTestTask.java:146) ~[junit-platform-engine-1.10.5.jar:1.10.5]
	at org.junit.platform.engine.support.hierarchical.Node.around(Node.java:137) ~[junit-platform-engine-1.10.5.jar:1.10.5]
	at org.junit.platform.engine.support.hierarchical.NodeTestTask.lambda$executeRecursively$9(NodeTestTask.java:144) ~[junit-platform-engine-1.10.5.jar:1.10.5]
	at org.junit.platform.engine.support.hierarchical.ThrowableCollector.execute(ThrowableCollector.java:73) ~[junit-platform-engine-1.10.5.jar:1.10.5]
	at org.junit.platform.engine.support.hierarchical.NodeTestTask.executeRecursively(NodeTestTask.java:143) ~[junit-platform-engine-1.10.5.jar:1.10.5]
	at org.junit.platform.engine.support.hierarchical.NodeTestTask.execute(NodeTestTask.java:100) ~[junit-platform-engine-1.10.5.jar:1.10.5]
	at org.junit.platform.engine.support.hierarchical.SameThreadHierarchicalTestExecutorService.submit(SameThreadHierarchicalTestExecutorService.java:35) ~[junit-platform-engine-1.10.5.jar:1.10.5]
	at org.junit.platform.engine.support.hierarchical.HierarchicalTestExecutor.execute(HierarchicalTestExecutor.java:57) ~[junit-platform-engine-1.10.5.jar:1.10.5]
	at org.junit.platform.engine.support.hierarchical.HierarchicalTestEngine.execute(HierarchicalTestEngine.java:54) ~[junit-platform-engine-1.10.5.jar:1.10.5]
	at org.junit.platform.launcher.core.EngineExecutionOrchestrator.execute(EngineExecutionOrchestrator.java:198) ~[junit-platform-launcher-1.10.5.jar:1.10.5]
	at org.junit.platform.launcher.core.EngineExecutionOrchestrator.execute(EngineExecutionOrchestrator.java:169) ~[junit-platform-launcher-1.10.5.jar:1.10.5]
	at org.junit.platform.launcher.core.EngineExecutionOrchestrator.execute(EngineExecutionOrchestrator.java:93) ~[junit-platform-launcher-1.10.5.jar:1.10.5]
	at org.junit.platform.launcher.core.EngineExecutionOrchestrator.lambda$execute$0(EngineExecutionOrchestrator.java:58) ~[junit-platform-launcher-1.10.5.jar:1.10.5]
	at org.junit.platform.launcher.core.EngineExecutionOrchestrator.withInterceptedStreams(EngineExecutionOrchestrator.java:141) ~[junit-platform-launcher-1.10.5.jar:1.10.5]
	at org.junit.platform.launcher.core.EngineExecutionOrchestrator.execute(EngineExecutionOrchestrator.java:57) ~[junit-platform-launcher-1.10.5.jar:1.10.5]
	at org.junit.platform.launcher.core.DefaultLauncher.execute(DefaultLauncher.java:103) ~[junit-platform-launcher-1.10.5.jar:1.10.5]
	at org.junit.platform.launcher.core.DefaultLauncher.execute(DefaultLauncher.java:85) ~[junit-platform-launcher-1.10.5.jar:1.10.5]
	at org.junit.platform.launcher.core.DelegatingLauncher.execute(DelegatingLauncher.java:47) ~[junit-platform-launcher-1.10.5.jar:1.10.5]
	at org.apache.maven.surefire.junitplatform.LazyLauncher.execute(LazyLauncher.java:56) ~[surefire-junit-platform-3.2.5.jar:3.2.5]
	at org.apache.maven.surefire.junitplatform.JUnitPlatformProvider.execute(JUnitPlatformProvider.java:184) ~[surefire-junit-platform-3.2.5.jar:3.2.5]
	at org.apache.maven.surefire.junitplatform.JUnitPlatformProvider.invokeAllTests(JUnitPlatformProvider.java:148) ~[surefire-junit-platform-3.2.5.jar:3.2.5]
	at org.apache.maven.surefire.junitplatform.JUnitPlatformProvider.invoke(JUnitPlatformProvider.java:122) ~[surefire-junit-platform-3.2.5.jar:3.2.5]
	at org.apache.maven.surefire.booter.ForkedBooter.runSuitesInProcess(ForkedBooter.java:385) ~[surefire-booter-3.2.5.jar:3.2.5]
	at org.apache.maven.surefire.booter.ForkedBooter.execute(ForkedBooter.java:162) ~[surefire-booter-3.2.5.jar:3.2.5]
	at org.apache.maven.surefire.booter.ForkedBooter.run(ForkedBooter.java:507) ~[surefire-booter-3.2.5.jar:3.2.5]
	at org.apache.maven.surefire.booter.ForkedBooter.main(ForkedBooter.java:495) ~[surefire-booter-3.2.5.jar:3.2.5]

2026-06-23T01:34:20.360+05:30  INFO 15912 --- [           main] com.company.mts.aspect.LoggingAspect     : <<< CONTROLLER RESPONSE: AccountSetupController.create() completed in 9ms
]]></system-out>
  </testcase>
  <testcase name="testPrivateUpiGeneration_NullChecks" classname="com.company.mts.controller.AccountSetupControllerIntegrationTest" time="0.004"/>
  <testcase name="create_ExistingDetailsConflict_ReturnsConflict" classname="com.company.mts.controller.AccountSetupControllerIntegrationTest" time="0.006">
    <system-out><![CDATA[2026-06-23T01:34:20.375+05:30  INFO 15912 --- [           main] com.company.mts.aspect.LoggingAspect     : >>> CONTROLLER REQUEST: AccountSetupController.create()
2026-06-23T01:34:20.375+05:30  INFO 15912 --- [           main] c.c.m.controller.AccountSetupController  : [AccountSetupController] POST / - Received account setup request for userName='johndoe', accountNumber='123456789012', bankName='HDFC Bank'
2026-06-23T01:34:20.375+05:30 DEBUG 15912 --- [           main] c.c.m.controller.AccountSetupController  : [AccountSetupController] generateUpiId: userName='johndoe', bankName='HDFC Bank' => upiId='johndoe@payfid'
2026-06-23T01:34:20.375+05:30 DEBUG 15912 --- [           main] c.c.m.controller.AccountSetupController  : [AccountSetupController] POST / - Generated UPI ID: 'johndoe@payfid'
2026-06-23T01:34:20.376+05:30  INFO 15912 --- [           main] c.c.m.controller.AccountSetupController  : [AccountSetupController] POST / - Found existing bank details for user='differentuser' or account='123456789012'
2026-06-23T01:34:20.376+05:30  WARN 15912 --- [           main] c.c.m.controller.AccountSetupController  : [AccountSetupController] POST / - CONFLICT: Bank details belong to different user/account. Existing user='differentuser', request user='johndoe'
2026-06-23T01:34:20.376+05:30  INFO 15912 --- [           main] com.company.mts.aspect.LoggingAspect     : <<< CONTROLLER RESPONSE: AccountSetupController.create() completed in 1ms
]]></system-out>
  </testcase>
  <testcase name="setupUpi_Success" classname="com.company.mts.controller.AccountSetupControllerIntegrationTest" time="0.006">
    <system-out><![CDATA[2026-06-23T01:34:20.383+05:30  INFO 15912 --- [           main] com.company.mts.aspect.LoggingAspect     : >>> CONTROLLER REQUEST: AccountSetupController.setupUpi()
2026-06-23T01:34:20.383+05:30  INFO 15912 --- [           main] c.c.m.controller.AccountSetupController  : [AccountSetupController] POST /1/upi - Setting up UPI ID: 'new@upi'
2026-06-23T01:34:20.383+05:30  INFO 15912 --- [           main] c.c.m.controller.AccountSetupController  : [AccountSetupController] POST /1/upi - UPI setup SUCCESS. upiId='new@upi'
2026-06-23T01:34:20.383+05:30  INFO 15912 --- [           main] com.company.mts.aspect.LoggingAspect     : <<< CONTROLLER RESPONSE: AccountSetupController.setupUpi() completed in 0ms
]]></system-out>
  </testcase>
  <testcase name="getByAccountNumber_Found" classname="com.company.mts.controller.AccountSetupControllerIntegrationTest" time="0.006">
    <system-out><![CDATA[2026-06-23T01:34:20.389+05:30  INFO 15912 --- [           main] com.company.mts.aspect.LoggingAspect     : >>> CONTROLLER REQUEST: AccountSetupController.getByAccountNumber()
2026-06-23T01:34:20.389+05:30  INFO 15912 --- [           main] c.c.m.controller.AccountSetupController  : [AccountSetupController] GET /123456789012 - Looking up bank details by account number
2026-06-23T01:34:20.389+05:30  INFO 15912 --- [           main] c.c.m.controller.AccountSetupController  : [AccountSetupController] GET /123456789012 - Bank details FOUND. id=1, userName='johndoe'
2026-06-23T01:34:20.389+05:30  INFO 15912 --- [           main] com.company.mts.aspect.LoggingAspect     : <<< CONTROLLER RESPONSE: AccountSetupController.getByAccountNumber() completed in 0ms
]]></system-out>
  </testcase>
  <testcase name="update_NotFound" classname="com.company.mts.controller.AccountSetupControllerIntegrationTest" time="0.025">
    <system-out><![CDATA[2026-06-23T01:34:20.412+05:30  INFO 15912 --- [           main] com.company.mts.aspect.LoggingAspect     : >>> CONTROLLER REQUEST: AccountSetupController.update()
2026-06-23T01:34:20.412+05:30  INFO 15912 --- [           main] c.c.m.controller.AccountSetupController  : [AccountSetupController] PUT /user/johndoe - Updating bank details
2026-06-23T01:34:20.413+05:30  WARN 15912 --- [           main] c.c.m.controller.AccountSetupController  : [AccountSetupController] PUT /user/johndoe - Bank details NOT FOUND
2026-06-23T01:34:20.415+05:30 ERROR 15912 --- [           main] com.company.mts.aspect.LoggingAspect     : <<< CONTROLLER ERROR: AccountSetupController.update() failed after 4ms - IllegalArgumentException: Bank details not found for user: johndoe
]]></system-out>
  </testcase>
  <testcase name="getByUserName_Found" classname="com.company.mts.controller.AccountSetupControllerIntegrationTest" time="0.014">
    <system-out><![CDATA[2026-06-23T01:34:20.423+05:30  INFO 15912 --- [           main] com.company.mts.aspect.LoggingAspect     : >>> CONTROLLER REQUEST: AccountSetupController.getByUserName()
2026-06-23T01:34:20.423+05:30  INFO 15912 --- [           main] c.c.m.controller.AccountSetupController  : [AccountSetupController] GET /user/johndoe - Looking up bank details by userName
2026-06-23T01:34:20.423+05:30  INFO 15912 --- [           main] c.c.m.controller.AccountSetupController  : [AccountSetupController] GET /user/johndoe - Bank details FOUND. id=1, accountNumber='123456789012'
2026-06-23T01:34:20.423+05:30  INFO 15912 --- [           main] com.company.mts.aspect.LoggingAspect     : <<< CONTROLLER RESPONSE: AccountSetupController.getByUserName() completed in 0ms
]]></system-out>
  </testcase>
  <testcase name="create_UpiSuffixResolutionTests" classname="com.company.mts.controller.AccountSetupControllerIntegrationTest" time="0.023">
    <system-out><![CDATA[2026-06-23T01:34:20.443+05:30  INFO 15912 --- [           main] com.company.mts.aspect.LoggingAspect     : >>> CONTROLLER REQUEST: AccountSetupController.create()
2026-06-23T01:34:20.443+05:30  INFO 15912 --- [           main] c.c.m.controller.AccountSetupController  : [AccountSetupController] POST / - Received account setup request for userName='johndoe', accountNumber='123456789012', bankName='ICICI'
2026-06-23T01:34:20.443+05:30 DEBUG 15912 --- [           main] c.c.m.controller.AccountSetupController  : [AccountSetupController] generateUpiId: userName='johndoe', bankName='ICICI' => upiId='johndoe@payfid'
2026-06-23T01:34:20.443+05:30 DEBUG 15912 --- [           main] c.c.m.controller.AccountSetupController  : [AccountSetupController] POST / - Generated UPI ID: 'johndoe@payfid'
2026-06-23T01:34:20.443+05:30  INFO 15912 --- [           main] c.c.m.controller.AccountSetupController  : [AccountSetupController] POST / - Creating new bank details for userName='johndoe'
2026-06-23T01:34:20.444+05:30  INFO 15912 --- [           main] c.c.m.controller.AccountSetupController  : [AccountSetupController] POST / - Bank details SAVED. id=10, accountNumber='123456789012', upiId='johndoe@icici'
2026-06-23T01:34:20.444+05:30  INFO 15912 --- [           main] c.c.m.controller.AccountSetupController  : [AccountSetupController] POST / - Account entry already exists for accountNumber='123456789012'
2026-06-23T01:34:20.444+05:30  INFO 15912 --- [           main] c.c.m.controller.AccountSetupController  : [AccountSetupController] POST / - Account setup SUCCESS. Returning response: id=10, accountNumber='123456789012', upiId='johndoe@icici'
2026-06-23T01:34:20.444+05:30  INFO 15912 --- [           main] com.company.mts.aspect.LoggingAspect     : <<< CONTROLLER RESPONSE: AccountSetupController.create() completed in 1ms
2026-06-23T01:34:20.447+05:30  INFO 15912 --- [           main] com.company.mts.aspect.LoggingAspect     : >>> CONTROLLER REQUEST: AccountSetupController.create()
2026-06-23T01:34:20.447+05:30  INFO 15912 --- [           main] c.c.m.controller.AccountSetupController  : [AccountSetupController] POST / - Received account setup request for userName='johndoe', accountNumber='123456789012', bankName='SBI'
2026-06-23T01:34:20.447+05:30 DEBUG 15912 --- [           main] c.c.m.controller.AccountSetupController  : [AccountSetupController] generateUpiId: userName='johndoe', bankName='SBI' => upiId='johndoe@payfid'
2026-06-23T01:34:20.447+05:30 DEBUG 15912 --- [           main] c.c.m.controller.AccountSetupController  : [AccountSetupController] POST / - Generated UPI ID: 'johndoe@payfid'
2026-06-23T01:34:20.447+05:30  INFO 15912 --- [           main] c.c.m.controller.AccountSetupController  : [AccountSetupController] POST / - Creating new bank details for userName='johndoe'
2026-06-23T01:34:20.448+05:30  INFO 15912 --- [           main] c.c.m.controller.AccountSetupController  : [AccountSetupController] POST / - Bank details SAVED. id=11, accountNumber='123456789012', upiId='johndoe@oksbi'
2026-06-23T01:34:20.448+05:30  INFO 15912 --- [           main] c.c.m.controller.AccountSetupController  : [AccountSetupController] POST / - Account entry already exists for accountNumber='123456789012'
2026-06-23T01:34:20.448+05:30  INFO 15912 --- [           main] c.c.m.controller.AccountSetupController  : [AccountSetupController] POST / - Account setup SUCCESS. Returning response: id=11, accountNumber='123456789012', upiId='johndoe@oksbi'
2026-06-23T01:34:20.448+05:30  INFO 15912 --- [           main] com.company.mts.aspect.LoggingAspect     : <<< CONTROLLER RESPONSE: AccountSetupController.create() completed in 1ms
2026-06-23T01:34:20.450+05:30  INFO 15912 --- [           main] com.company.mts.aspect.LoggingAspect     : >>> CONTROLLER REQUEST: AccountSetupController.create()
2026-06-23T01:34:20.450+05:30  INFO 15912 --- [           main] c.c.m.controller.AccountSetupController  : [AccountSetupController] POST / - Received account setup request for userName='johndoe', accountNumber='123456789012', bankName='AXIS'
2026-06-23T01:34:20.450+05:30 DEBUG 15912 --- [           main] c.c.m.controller.AccountSetupController  : [AccountSetupController] generateUpiId: userName='johndoe', bankName='AXIS' => upiId='johndoe@payfid'
2026-06-23T01:34:20.451+05:30 DEBUG 15912 --- [           main] c.c.m.controller.AccountSetupController  : [AccountSetupController] POST / - Generated UPI ID: 'johndoe@payfid'
2026-06-23T01:34:20.451+05:30  INFO 15912 --- [           main] c.c.m.controller.AccountSetupController  : [AccountSetupController] POST / - Creating new bank details for userName='johndoe'
2026-06-23T01:34:20.451+05:30  INFO 15912 --- [           main] c.c.m.controller.AccountSetupController  : [AccountSetupController] POST / - Bank details SAVED. id=12, accountNumber='123456789012', upiId='johndoe@axisbank'
2026-06-23T01:34:20.451+05:30  INFO 15912 --- [           main] c.c.m.controller.AccountSetupController  : [AccountSetupController] POST / - Account entry already exists for accountNumber='123456789012'
2026-06-23T01:34:20.451+05:30  INFO 15912 --- [           main] c.c.m.controller.AccountSetupController  : [AccountSetupController] POST / - Account setup SUCCESS. Returning response: id=12, accountNumber='123456789012', upiId='johndoe@axisbank'
2026-06-23T01:34:20.451+05:30  INFO 15912 --- [           main] com.company.mts.aspect.LoggingAspect     : <<< CONTROLLER RESPONSE: AccountSetupController.create() completed in 1ms
2026-06-23T01:34:20.454+05:30  INFO 15912 --- [           main] com.company.mts.aspect.LoggingAspect     : >>> CONTROLLER REQUEST: AccountSetupController.create()
2026-06-23T01:34:20.454+05:30  INFO 15912 --- [           main] c.c.m.controller.AccountSetupController  : [AccountSetupController] POST / - Received account setup request for userName='johndoe', accountNumber='123456789012', bankName='Other Bank'
2026-06-23T01:34:20.454+05:30 DEBUG 15912 --- [           main] c.c.m.controller.AccountSetupController  : [AccountSetupController] generateUpiId: userName='johndoe', bankName='Other Bank' => upiId='johndoe@payfid'
2026-06-23T01:34:20.455+05:30 DEBUG 15912 --- [           main] c.c.m.controller.AccountSetupController  : [AccountSetupController] POST / - Generated UPI ID: 'johndoe@payfid'
2026-06-23T01:34:20.455+05:30  INFO 15912 --- [           main] c.c.m.controller.AccountSetupController  : [AccountSetupController] POST / - Creating new bank details for userName='johndoe'
2026-06-23T01:34:20.455+05:30  INFO 15912 --- [           main] c.c.m.controller.AccountSetupController  : [AccountSetupController] POST / - Bank details SAVED. id=13, accountNumber='123456789012', upiId='johndoe@upi'
2026-06-23T01:34:20.455+05:30  INFO 15912 --- [           main] c.c.m.controller.AccountSetupController  : [AccountSetupController] POST / - Account entry already exists for accountNumber='123456789012'
2026-06-23T01:34:20.455+05:30  INFO 15912 --- [           main] c.c.m.controller.AccountSetupController  : [AccountSetupController] POST / - Account setup SUCCESS. Returning response: id=13, accountNumber='123456789012', upiId='johndoe@upi'
2026-06-23T01:34:20.455+05:30  INFO 15912 --- [           main] com.company.mts.aspect.LoggingAspect     : <<< CONTROLLER RESPONSE: AccountSetupController.create() completed in 1ms
]]></system-out>
  </testcase>
  <testcase name="create_MissingUserName_ReturnsBadRequest" classname="com.company.mts.controller.AccountSetupControllerIntegrationTest" time="0.028">
    <system-out><![CDATA[2026-06-23T01:34:20.484+05:30  INFO 15912 --- [           main] com.company.mts.aspect.LoggingAspect     : >>> CONTROLLER REQUEST: AccountSetupController.create()
2026-06-23T01:34:20.485+05:30  INFO 15912 --- [           main] c.c.m.controller.AccountSetupController  : [AccountSetupController] POST / - Received account setup request for userName='', accountNumber='123456789012', bankName='HDFC Bank'
2026-06-23T01:34:20.485+05:30  WARN 15912 --- [           main] c.c.m.controller.AccountSetupController  : [AccountSetupController] POST / - REJECTED: Missing userName in request and security context
2026-06-23T01:34:20.485+05:30  INFO 15912 --- [           main] com.company.mts.aspect.LoggingAspect     : <<< CONTROLLER RESPONSE: AccountSetupController.create() completed in 1ms
]]></system-out>
  </testcase>
  <testcase name="getByAccountNumber_NotFound_ReturnsException" classname="com.company.mts.controller.AccountSetupControllerIntegrationTest" time="0.008">
    <system-out><![CDATA[2026-06-23T01:34:20.498+05:30  INFO 15912 --- [           main] com.company.mts.aspect.LoggingAspect     : >>> CONTROLLER REQUEST: AccountSetupController.getByAccountNumber()
2026-06-23T01:34:20.498+05:30  INFO 15912 --- [           main] c.c.m.controller.AccountSetupController  : [AccountSetupController] GET /123456789012 - Looking up bank details by account number
2026-06-23T01:34:20.498+05:30  WARN 15912 --- [           main] c.c.m.controller.AccountSetupController  : [AccountSetupController] GET /123456789012 - Bank details NOT FOUND
2026-06-23T01:34:20.498+05:30 ERROR 15912 --- [           main] com.company.mts.aspect.LoggingAspect     : <<< CONTROLLER ERROR: AccountSetupController.getByAccountNumber() failed after 0ms - IllegalArgumentException: Not found
]]></system-out>
  </testcase>
  <testcase name="setPin_InvalidPin_ThrowsException" classname="com.company.mts.controller.AccountSetupControllerIntegrationTest" time="0.006">
    <system-out><![CDATA[2026-06-23T01:34:20.507+05:30  INFO 15912 --- [           main] com.company.mts.aspect.LoggingAspect     : >>> CONTROLLER REQUEST: AccountSetupController.setPin()
2026-06-23T01:34:20.508+05:30  INFO 15912 --- [           main] c.c.m.controller.AccountSetupController  : [AccountSetupController] POST /user/johndoe/pin - Setting PIN (length=2)
2026-06-23T01:34:20.508+05:30  WARN 15912 --- [           main] c.c.m.controller.AccountSetupController  : [AccountSetupController] POST /user/johndoe/pin - REJECTED: Invalid PIN length
2026-06-23T01:34:20.508+05:30 ERROR 15912 --- [           main] com.company.mts.aspect.LoggingAspect     : <<< CONTROLLER ERROR: AccountSetupController.setPin() failed after 1ms - IllegalArgumentException: PIN must be 4 digits
]]></system-out>
  </testcase>
</testsuite>