<?xml version="1.0" encoding="UTF-8"?>
<testsuite xmlns:xsi="http://www.w3.org/2001/XMLSchema-instance" xsi:noNamespaceSchemaLocation="https://maven.apache.org/surefire/maven-surefire-plugin/xsd/surefire-test-report-3.0.xsd" version="3.0" name="com.company.mts.service.AccountServiceTest" time="0.831" tests="36" errors="0" skipped="0" failures="0">
  <properties>
[...]
</properties>
  <testcase name="transferByAccountNumber_Success" classname="com.company.mts.service.AccountServiceTest" time="0.047">
    <system-out><![CDATA[2026-06-23T00:05:52.117+05:30  INFO 4360 --- [           main] com.company.mts.service.AccountService   : [AccountService] Initialized with AccountRepository
2026-06-23T00:05:52.141+05:30  INFO 4360 --- [           main] com.company.mts.service.AccountService   : [AccountService] transferByAccountNumber: from='123456789012', to='234567890123', amount=200.00
2026-06-23T00:05:52.144+05:30  INFO 4360 --- [           main] com.company.mts.service.AccountService   : [AccountService] transferByAccountNumber: Transfer SUCCESS. from='123456789012' (balance=800.00), to='234567890123' (balance=700.00)
]]></system-out>
  </testcase>
  <testcase name="getAccountByAccountNumber_Success" classname="com.company.mts.service.AccountServiceTest" time="0.078">
    <system-out><![CDATA[2026-06-23T00:05:52.148+05:30  INFO 4360 --- [           main] com.company.mts.service.AccountService   : [AccountService] Initialized with AccountRepository
2026-06-23T00:05:52.153+05:30 DEBUG 4360 --- [           main] com.company.mts.service.AccountService   : [AccountService] getAccountByAccountNumber: Looking up account by number='123456789012'
]]></system-out>
  </testcase>
  <testcase name="getAccount_Found" classname="com.company.mts.service.AccountServiceTest" time="0.016">
    <system-out><![CDATA[2026-06-23T00:05:52.225+05:30  INFO 4360 --- [           main] com.company.mts.service.AccountService   : [AccountService] Initialized with AccountRepository
2026-06-23T00:05:52.225+05:30 DEBUG 4360 --- [           main] com.company.mts.service.AccountService   : [AccountService] getAccount: Looking up account by id=1
]]></system-out>
  </testcase>
  <testcase name="getAccountByAccountNumber_Empty_ThrowsException" classname="com.company.mts.service.AccountServiceTest" time="0.008">
    <system-out><![CDATA[2026-06-23T00:05:52.251+05:30  INFO 4360 --- [           main] com.company.mts.service.AccountService   : [AccountService] Initialized with AccountRepository
2026-06-23T00:05:52.253+05:30 DEBUG 4360 --- [           main] com.company.mts.service.AccountService   : [AccountService] getAccountByAccountNumber: Looking up account by number='null'
2026-06-23T00:05:52.254+05:30 DEBUG 4360 --- [           main] com.company.mts.service.AccountService   : [AccountService] getAccountByAccountNumber: Looking up account by number='   '
]]></system-out>
  </testcase>
  <testcase name="createAccount_Success" classname="com.company.mts.service.AccountServiceTest" time="0.072">
    <system-out><![CDATA[2026-06-23T00:05:52.255+05:30  INFO 4360 --- [           main] com.company.mts.service.AccountService   : [AccountService] Initialized with AccountRepository
2026-06-23T00:05:52.290+05:30  INFO 4360 --- [           main] com.company.mts.service.AccountService   : [AccountService] createAccount: holderName='John Doe', initialBalance=1000.00
2026-06-23T00:05:52.301+05:30 DEBUG 4360 --- [           main] com.company.mts.service.AccountService   : [AccountService] generateUniqueAccountNumber: Attempt 1 - trying '306833607615'
2026-06-23T00:05:52.302+05:30  INFO 4360 --- [           main] com.company.mts.service.AccountService   : [AccountService] createAccount: Generated unique account number '306833607615'
2026-06-23T00:05:52.308+05:30  INFO 4360 --- [           main] com.company.mts.service.AccountService   : [AccountService] createAccount: Account CREATED. id=1, accountNumber='123456789012', holderName='John Doe', balance=1000.00
]]></system-out>
  </testcase>
  <testcase name="credit_Success" classname="com.company.mts.service.AccountServiceTest" time="0.016">
    <system-out><![CDATA[2026-06-23T00:05:52.342+05:30  INFO 4360 --- [           main] com.company.mts.service.AccountService   : [AccountService] Initialized with AccountRepository
2026-06-23T00:05:52.342+05:30  INFO 4360 --- [           main] com.company.mts.service.AccountService   : [AccountService] credit: Crediting amount=500.00 to account id=1
2026-06-23T00:05:52.343+05:30 DEBUG 4360 --- [           main] com.company.mts.service.AccountService   : [AccountService] getAccount: Looking up account by id=1
2026-06-23T00:05:52.343+05:30  INFO 4360 --- [           main] com.company.mts.service.AccountService   : [AccountService] credit: Credit SUCCESS. Account id=1, new balance=1500.00
]]></system-out>
  </testcase>
  <testcase name="transfer_SameAccount_ThrowsException" classname="com.company.mts.service.AccountServiceTest" time="0.003">
    <system-out><![CDATA[2026-06-23T00:05:52.345+05:30  INFO 4360 --- [           main] com.company.mts.service.AccountService   : [AccountService] Initialized with AccountRepository
2026-06-23T00:05:52.346+05:30  INFO 4360 --- [           main] com.company.mts.service.AccountService   : [AccountService] transfer: from=1, to=1, amount=10
2026-06-23T00:05:52.346+05:30  WARN 4360 --- [           main] com.company.mts.service.AccountService   : [AccountService] transfer: REJECTED - same account transfer
]]></system-out>
  </testcase>
  <testcase name="transfer_InvalidAmount_ThrowsException" classname="com.company.mts.service.AccountServiceTest" time="0.002">
    <system-out><![CDATA[2026-06-23T00:05:52.347+05:30  INFO 4360 --- [           main] com.company.mts.service.AccountService   : [AccountService] Initialized with AccountRepository
2026-06-23T00:05:52.348+05:30  INFO 4360 --- [           main] com.company.mts.service.AccountService   : [AccountService] transfer: from=1, to=2, amount=null
2026-06-23T00:05:52.348+05:30  WARN 4360 --- [           main] com.company.mts.service.AccountService   : [AccountService] transfer: REJECTED - invalid amount=null
2026-06-23T00:05:52.348+05:30  INFO 4360 --- [           main] com.company.mts.service.AccountService   : [AccountService] transfer: from=1, to=2, amount=0
2026-06-23T00:05:52.348+05:30  WARN 4360 --- [           main] com.company.mts.service.AccountService   : [AccountService] transfer: REJECTED - invalid amount=0
2026-06-23T00:05:52.349+05:30  INFO 4360 --- [           main] com.company.mts.service.AccountService   : [AccountService] transfer: from=1, to=2, amount=-10
2026-06-23T00:05:52.349+05:30  WARN 4360 --- [           main] com.company.mts.service.AccountService   : [AccountService] transfer: REJECTED - invalid amount=-10
]]></system-out>
  </testcase>
  <testcase name="createAccount_MaxAttemptsReached_ThrowsException" classname="com.company.mts.service.AccountServiceTest" time="0.046">
    <system-out><![CDATA[2026-06-23T00:05:52.350+05:30  INFO 4360 --- [           main] com.company.mts.service.AccountService   : [AccountService] Initialized with AccountRepository
2026-06-23T00:05:52.351+05:30  INFO 4360 --- [           main] com.company.mts.service.AccountService   : [AccountService] createAccount: holderName='New User', initialBalance=1000.00
2026-06-23T00:05:52.392+05:30 DEBUG 4360 --- [           main] com.company.mts.service.AccountService   : [AccountService] generateUniqueAccountNumber: Attempt 1 - trying '678335793240'
2026-06-23T00:05:52.393+05:30 DEBUG 4360 --- [           main] com.company.mts.service.AccountService   : [AccountService] generateUniqueAccountNumber: Attempt 2 - trying '731523905634'
2026-06-23T00:05:52.393+05:30 DEBUG 4360 --- [           main] com.company.mts.service.AccountService   : [AccountService] generateUniqueAccountNumber: Attempt 3 - trying '762510544708'
2026-06-23T00:05:52.394+05:30 DEBUG 4360 --- [           main] com.company.mts.service.AccountService   : [AccountService] generateUniqueAccountNumber: Attempt 4 - trying '328083811654'
2026-06-23T00:05:52.394+05:30 DEBUG 4360 --- [           main] com.company.mts.service.AccountService   : [AccountService] generateUniqueAccountNumber: Attempt 5 - trying '229190747035'
2026-06-23T00:05:52.394+05:30 DEBUG 4360 --- [           main] com.company.mts.service.AccountService   : [AccountService] generateUniqueAccountNumber: Attempt 6 - trying '190497951998'
2026-06-23T00:05:52.395+05:30 DEBUG 4360 --- [           main] com.company.mts.service.AccountService   : [AccountService] generateUniqueAccountNumber: Attempt 7 - trying '228429312449'
2026-06-23T00:05:52.395+05:30 DEBUG 4360 --- [           main] com.company.mts.service.AccountService   : [AccountService] generateUniqueAccountNumber: Attempt 8 - trying '279538159488'
2026-06-23T00:05:52.395+05:30 DEBUG 4360 --- [           main] com.company.mts.service.AccountService   : [AccountService] generateUniqueAccountNumber: Attempt 9 - trying '536314180154'
2026-06-23T00:05:52.395+05:30 DEBUG 4360 --- [           main] com.company.mts.service.AccountService   : [AccountService] generateUniqueAccountNumber: Attempt 10 - trying '894821036923'
2026-06-23T00:05:52.395+05:30 ERROR 4360 --- [           main] com.company.mts.service.AccountService   : [AccountService] generateUniqueAccountNumber: FAILED after 10 attempts
]]></system-out>
  </testcase>
  <testcase name="transferByAccountNumber_SenderInactive_ThrowsException" classname="com.company.mts.service.AccountServiceTest" time="0.003">
    <system-out><![CDATA[2026-06-23T00:05:52.397+05:30  INFO 4360 --- [           main] com.company.mts.service.AccountService   : [AccountService] Initialized with AccountRepository
2026-06-23T00:05:52.398+05:30  INFO 4360 --- [           main] com.company.mts.service.AccountService   : [AccountService] transferByAccountNumber: from='123', to='456', amount=10
]]></system-out>
  </testcase>
  <testcase name="transferByAccountNumber_EmptyAccountNumbers_ThrowsException" classname="com.company.mts.service.AccountServiceTest" time="0.004">
    <system-out><![CDATA[2026-06-23T00:05:52.400+05:30  INFO 4360 --- [           main] com.company.mts.service.AccountService   : [AccountService] Initialized with AccountRepository
2026-06-23T00:05:52.401+05:30  INFO 4360 --- [           main] com.company.mts.service.AccountService   : [AccountService] transferByAccountNumber: from='null', to='123', amount=10
2026-06-23T00:05:52.401+05:30  INFO 4360 --- [           main] com.company.mts.service.AccountService   : [AccountService] transferByAccountNumber: from='', to='123', amount=10
2026-06-23T00:05:52.402+05:30  INFO 4360 --- [           main] com.company.mts.service.AccountService   : [AccountService] transferByAccountNumber: from='123', to='null', amount=10
2026-06-23T00:05:52.402+05:30  INFO 4360 --- [           main] com.company.mts.service.AccountService   : [AccountService] transferByAccountNumber: from='123', to='', amount=10
]]></system-out>
  </testcase>
  <testcase name="getAccountByAccountNumber_NotFound_ThrowsException" classname="com.company.mts.service.AccountServiceTest" time="0.002">
    <system-out><![CDATA[2026-06-23T00:05:52.404+05:30  INFO 4360 --- [           main] com.company.mts.service.AccountService   : [AccountService] Initialized with AccountRepository
2026-06-23T00:05:52.405+05:30 DEBUG 4360 --- [           main] com.company.mts.service.AccountService   : [AccountService] getAccountByAccountNumber: Looking up account by number='invalid'
2026-06-23T00:05:52.405+05:30  WARN 4360 --- [           main] com.company.mts.service.AccountService   : [AccountService] getAccountByAccountNumber: Account NOT FOUND with number='invalid'
]]></system-out>
  </testcase>
  <testcase name="createAccount_InitialBalanceNull_ThrowsException" classname="com.company.mts.service.AccountServiceTest" time="0.002">
    <system-out><![CDATA[2026-06-23T00:05:52.406+05:30  INFO 4360 --- [           main] com.company.mts.service.AccountService   : [AccountService] Initialized with AccountRepository
2026-06-23T00:05:52.407+05:30  INFO 4360 --- [           main] com.company.mts.service.AccountService   : [AccountService] createAccount: holderName='John Doe', initialBalance=null
2026-06-23T00:05:52.407+05:30  WARN 4360 --- [           main] com.company.mts.service.AccountService   : [AccountService] createAccount: REJECTED - balance 0 below minimum 100.00
]]></system-out>
  </testcase>
  <testcase name="createAccount_DuplicateHolder_ThrowsException" classname="com.company.mts.service.AccountServiceTest" time="0.002">
    <system-out><![CDATA[2026-06-23T00:05:52.408+05:30  INFO 4360 --- [           main] com.company.mts.service.AccountService   : [AccountService] Initialized with AccountRepository
2026-06-23T00:05:52.409+05:30  INFO 4360 --- [           main] com.company.mts.service.AccountService   : [AccountService] createAccount: holderName='John Doe', initialBalance=1000.00
2026-06-23T00:05:52.409+05:30  WARN 4360 --- [           main] com.company.mts.service.AccountService   : [AccountService] createAccount: DUPLICATE - account already exists for holder 'John Doe'
]]></system-out>
  </testcase>
  <testcase name="transferByAccountNumber_ReceiverNotFound_ThrowsException" classname="com.company.mts.service.AccountServiceTest" time="0.002">
    <system-out><![CDATA[2026-06-23T00:05:52.410+05:30  INFO 4360 --- [           main] com.company.mts.service.AccountService   : [AccountService] Initialized with AccountRepository
2026-06-23T00:05:52.411+05:30  INFO 4360 --- [           main] com.company.mts.service.AccountService   : [AccountService] transferByAccountNumber: from='123', to='456', amount=10
]]></system-out>
  </testcase>
  <testcase name="createAccount_ExceedsMaxBalance_ThrowsException" classname="com.company.mts.service.AccountServiceTest" time="0.002">
    <system-out><![CDATA[2026-06-23T00:05:52.413+05:30  INFO 4360 --- [           main] com.company.mts.service.AccountService   : [AccountService] Initialized with AccountRepository
2026-06-23T00:05:52.414+05:30  INFO 4360 --- [           main] com.company.mts.service.AccountService   : [AccountService] createAccount: holderName='John Doe', initialBalance=1000001
2026-06-23T00:05:52.414+05:30  WARN 4360 --- [           main] com.company.mts.service.AccountService   : [AccountService] createAccount: REJECTED - balance 1000001 exceeds maximum
]]></system-out>
  </testcase>
  <testcase name="createAccount_BelowMinimumBalance_ThrowsException" classname="com.company.mts.service.AccountServiceTest" time="0.002">
    <system-out><![CDATA[2026-06-23T00:05:52.415+05:30  INFO 4360 --- [           main] com.company.mts.service.AccountService   : [AccountService] Initialized with AccountRepository
2026-06-23T00:05:52.416+05:30  INFO 4360 --- [           main] com.company.mts.service.AccountService   : [AccountService] createAccount: holderName='John Doe', initialBalance=50.00
2026-06-23T00:05:52.416+05:30  WARN 4360 --- [           main] com.company.mts.service.AccountService   : [AccountService] createAccount: REJECTED - balance 50.00 below minimum 100.00
]]></system-out>
  </testcase>
  <testcase name="lockAccount_Success" classname="com.company.mts.service.AccountServiceTest" time="0.068">
    <system-out><![CDATA[2026-06-23T00:05:52.417+05:30  INFO 4360 --- [           main] com.company.mts.service.AccountService   : [AccountService] Initialized with AccountRepository
2026-06-23T00:05:52.418+05:30  INFO 4360 --- [           main] com.company.mts.service.AccountService   : [AccountService] lockAccount: Locking account id=1
2026-06-23T00:05:52.418+05:30 DEBUG 4360 --- [           main] com.company.mts.service.AccountService   : [AccountService] getAccount: Looking up account by id=1
2026-06-23T00:05:52.424+05:30  INFO 4360 --- [           main] com.company.mts.service.AccountService   : [AccountService] lockAccount: Account id=1 LOCKED
]]></system-out>
  </testcase>
  <testcase name="transfer_ReceiverInactive_ThrowsException" classname="com.company.mts.service.AccountServiceTest" time="0.062">
    <system-out><![CDATA[2026-06-23T00:05:52.499+05:30  INFO 4360 --- [           main] com.company.mts.service.AccountService   : [AccountService] Initialized with AccountRepository
2026-06-23T00:05:52.544+05:30  INFO 4360 --- [           main] com.company.mts.service.AccountService   : [AccountService] transfer: from=1, to=2, amount=10
]]></system-out>
  </testcase>
  <testcase name="getAccount_NotFound_ThrowsException" classname="com.company.mts.service.AccountServiceTest" time="0.003">
    <system-out><![CDATA[2026-06-23T00:05:52.550+05:30  INFO 4360 --- [           main] com.company.mts.service.AccountService   : [AccountService] Initialized with AccountRepository
2026-06-23T00:05:52.551+05:30 DEBUG 4360 --- [           main] com.company.mts.service.AccountService   : [AccountService] getAccount: Looking up account by id=999
2026-06-23T00:05:52.551+05:30  WARN 4360 --- [           main] com.company.mts.service.AccountService   : [AccountService] getAccount: Account NOT FOUND with id=999
]]></system-out>
  </testcase>
  <testcase name="transfer_Success" classname="com.company.mts.service.AccountServiceTest" time="0.002">
    <system-out><![CDATA[2026-06-23T00:05:52.552+05:30  INFO 4360 --- [           main] com.company.mts.service.AccountService   : [AccountService] Initialized with AccountRepository
2026-06-23T00:05:52.553+05:30  INFO 4360 --- [           main] com.company.mts.service.AccountService   : [AccountService] transfer: from=1, to=2, amount=300.00
2026-06-23T00:05:52.554+05:30  INFO 4360 --- [           main] com.company.mts.service.AccountService   : [AccountService] transfer: Transfer SUCCESS. from=1 (balance=700.00), to=2 (balance=800.00)
]]></system-out>
  </testcase>
  <testcase name="transfer_SenderInactive_ThrowsException" classname="com.company.mts.service.AccountServiceTest" time="0.029">
    <system-out><![CDATA[2026-06-23T00:05:52.556+05:30  INFO 4360 --- [           main] com.company.mts.service.AccountService   : [AccountService] Initialized with AccountRepository
2026-06-23T00:05:52.581+05:30  INFO 4360 --- [           main] com.company.mts.service.AccountService   : [AccountService] transfer: from=1, to=2, amount=10
]]></system-out>
  </testcase>
  <testcase name="transferByAccountNumber_InvalidAmount_ThrowsException" classname="com.company.mts.service.AccountServiceTest" time="0.003">
    <system-out><![CDATA[2026-06-23T00:05:52.584+05:30  INFO 4360 --- [           main] com.company.mts.service.AccountService   : [AccountService] Initialized with AccountRepository
2026-06-23T00:05:52.585+05:30  INFO 4360 --- [           main] com.company.mts.service.AccountService   : [AccountService] transferByAccountNumber: from='123', to='456', amount=null
2026-06-23T00:05:52.586+05:30  INFO 4360 --- [           main] com.company.mts.service.AccountService   : [AccountService] transferByAccountNumber: from='123', to='456', amount=0
]]></system-out>
  </testcase>
  <testcase name="debit_Success" classname="com.company.mts.service.AccountServiceTest" time="0.052">
    <system-out><![CDATA[2026-06-23T00:05:52.587+05:30  INFO 4360 --- [           main] com.company.mts.service.AccountService   : [AccountService] Initialized with AccountRepository
2026-06-23T00:05:52.587+05:30  INFO 4360 --- [           main] com.company.mts.service.AccountService   : [AccountService] debit: Debiting amount=300.00 from account id=1
2026-06-23T00:05:52.587+05:30 DEBUG 4360 --- [           main] com.company.mts.service.AccountService   : [AccountService] getAccount: Looking up account by id=1
2026-06-23T00:05:52.592+05:30  INFO 4360 --- [           main] com.company.mts.service.AccountService   : [AccountService] debit: Debit SUCCESS. Account id=1, new balance=700.00
]]></system-out>
  </testcase>
  <testcase name="getAccountByHolderName_NotFound_ThrowsException" classname="com.company.mts.service.AccountServiceTest" time="0.011">
    <system-out><![CDATA[2026-06-23T00:05:52.640+05:30  INFO 4360 --- [           main] com.company.mts.service.AccountService   : [AccountService] Initialized with AccountRepository
2026-06-23T00:05:52.649+05:30 DEBUG 4360 --- [           main] com.company.mts.service.AccountService   : [AccountService] getAccountByHolderName: Looking up account by holderName='invalid'
2026-06-23T00:05:52.650+05:30  WARN 4360 --- [           main] com.company.mts.service.AccountService   : [AccountService] getAccountByHolderName: Account NOT FOUND for holder='invalid'
]]></system-out>
  </testcase>
  <testcase name="transferByAccountNumber_SenderNotFound_ThrowsException" classname="com.company.mts.service.AccountServiceTest" time="0.004">
    <system-out><![CDATA[2026-06-23T00:05:52.651+05:30  INFO 4360 --- [           main] com.company.mts.service.AccountService   : [AccountService] Initialized with AccountRepository
2026-06-23T00:05:52.655+05:30  INFO 4360 --- [           main] com.company.mts.service.AccountService   : [AccountService] transferByAccountNumber: from='123', to='456', amount=10
]]></system-out>
  </testcase>
  <testcase name="debit_InsufficientBalance_ThrowsException" classname="com.company.mts.service.AccountServiceTest" time="0.045">
    <system-out><![CDATA[2026-06-23T00:05:52.656+05:30  INFO 4360 --- [           main] com.company.mts.service.AccountService   : [AccountService] Initialized with AccountRepository
2026-06-23T00:05:52.657+05:30  INFO 4360 --- [           main] com.company.mts.service.AccountService   : [AccountService] debit: Debiting amount=2000.00 from account id=1
2026-06-23T00:05:52.657+05:30 DEBUG 4360 --- [           main] com.company.mts.service.AccountService   : [AccountService] getAccount: Looking up account by id=1
]]></system-out>
  </testcase>
  <testcase name="unlockAccount_Success" classname="com.company.mts.service.AccountServiceTest" time="0.128">
    <system-out><![CDATA[2026-06-23T00:05:52.751+05:30  INFO 4360 --- [           main] com.company.mts.service.AccountService   : [AccountService] Initialized with AccountRepository
2026-06-23T00:05:52.752+05:30  INFO 4360 --- [           main] com.company.mts.service.AccountService   : [AccountService] unlockAccount: Unlocking account id=1
2026-06-23T00:05:52.753+05:30 DEBUG 4360 --- [           main] com.company.mts.service.AccountService   : [AccountService] getAccount: Looking up account by id=1
2026-06-23T00:05:52.796+05:30  INFO 4360 --- [           main] com.company.mts.service.AccountService   : [AccountService] unlockAccount: Account id=1 ACTIVATED
]]></system-out>
  </testcase>
  <testcase name="createAccount_InvalidHolderName_ThrowsException" classname="com.company.mts.service.AccountServiceTest" time="0.046">
    <system-out><![CDATA[2026-06-23T00:05:52.884+05:30  INFO 4360 --- [           main] com.company.mts.service.AccountService   : [AccountService] Initialized with AccountRepository
2026-06-23T00:05:52.886+05:30  INFO 4360 --- [           main] com.company.mts.service.AccountService   : [AccountService] createAccount: holderName='null', initialBalance=10
2026-06-23T00:05:52.886+05:30  WARN 4360 --- [           main] com.company.mts.service.AccountService   : [AccountService] createAccount: REJECTED - empty holder name
2026-06-23T00:05:52.886+05:30  INFO 4360 --- [           main] com.company.mts.service.AccountService   : [AccountService] createAccount: holderName='   ', initialBalance=10
2026-06-23T00:05:52.886+05:30  WARN 4360 --- [           main] com.company.mts.service.AccountService   : [AccountService] createAccount: REJECTED - empty holder name
]]></system-out>
  </testcase>
  <testcase name="closeAccount_Success" classname="com.company.mts.service.AccountServiceTest" time="0.002">
    <system-out><![CDATA[2026-06-23T00:05:52.888+05:30  INFO 4360 --- [           main] com.company.mts.service.AccountService   : [AccountService] Initialized with AccountRepository
2026-06-23T00:05:52.889+05:30  INFO 4360 --- [           main] com.company.mts.service.AccountService   : [AccountService] closeAccount: Closing account id=1
2026-06-23T00:05:52.889+05:30 DEBUG 4360 --- [           main] com.company.mts.service.AccountService   : [AccountService] getAccount: Looking up account by id=1
2026-06-23T00:05:52.889+05:30  INFO 4360 --- [           main] com.company.mts.service.AccountService   : [AccountService] closeAccount: Account id=1 CLOSED
]]></system-out>
  </testcase>
  <testcase name="getAccountByHolderName_Empty_ThrowsException" classname="com.company.mts.service.AccountServiceTest" time="0.002">
    <system-out><![CDATA[2026-06-23T00:05:52.890+05:30  INFO 4360 --- [           main] com.company.mts.service.AccountService   : [AccountService] Initialized with AccountRepository
2026-06-23T00:05:52.890+05:30 DEBUG 4360 --- [           main] com.company.mts.service.AccountService   : [AccountService] getAccountByHolderName: Looking up account by holderName='null'
2026-06-23T00:05:52.891+05:30 DEBUG 4360 --- [           main] com.company.mts.service.AccountService   : [AccountService] getAccountByHolderName: Looking up account by holderName='   '
]]></system-out>
  </testcase>
  <testcase name="getAccountByHolderName_Success" classname="com.company.mts.service.AccountServiceTest" time="0.001">
    <system-out><![CDATA[2026-06-23T00:05:52.892+05:30  INFO 4360 --- [           main] com.company.mts.service.AccountService   : [AccountService] Initialized with AccountRepository
2026-06-23T00:05:52.892+05:30 DEBUG 4360 --- [           main] com.company.mts.service.AccountService   : [AccountService] getAccountByHolderName: Looking up account by holderName='John Doe'
]]></system-out>
  </testcase>
  <testcase name="transfer_ReceiverNotFound_ThrowsException" classname="com.company.mts.service.AccountServiceTest" time="0.002">
    <system-out><![CDATA[2026-06-23T00:05:52.893+05:30  INFO 4360 --- [           main] com.company.mts.service.AccountService   : [AccountService] Initialized with AccountRepository
2026-06-23T00:05:52.894+05:30  INFO 4360 --- [           main] com.company.mts.service.AccountService   : [AccountService] transfer: from=1, to=2, amount=10
]]></system-out>
  </testcase>
  <testcase name="transferByAccountNumber_SameAccount_ThrowsException" classname="com.company.mts.service.AccountServiceTest" time="0.025">
    <system-out><![CDATA[2026-06-23T00:05:52.897+05:30  INFO 4360 --- [           main] com.company.mts.service.AccountService   : [AccountService] Initialized with AccountRepository
2026-06-23T00:05:52.918+05:30  INFO 4360 --- [           main] com.company.mts.service.AccountService   : [AccountService] transferByAccountNumber: from='123', to='123', amount=10
]]></system-out>
  </testcase>
  <testcase name="transfer_SenderNotFound_ThrowsException" classname="com.company.mts.service.AccountServiceTest" time="0.002">
    <system-out><![CDATA[2026-06-23T00:05:52.924+05:30  INFO 4360 --- [           main] com.company.mts.service.AccountService   : [AccountService] Initialized with AccountRepository
2026-06-23T00:05:52.925+05:30  INFO 4360 --- [           main] com.company.mts.service.AccountService   : [AccountService] transfer: from=1, to=2, amount=10
]]></system-out>
  </testcase>
  <testcase name="transferByAccountNumber_ReceiverInactive_ThrowsException" classname="com.company.mts.service.AccountServiceTest" time="0.002">
    <system-out><![CDATA[2026-06-23T00:05:52.926+05:30  INFO 4360 --- [           main] com.company.mts.service.AccountService   : [AccountService] Initialized with AccountRepository
2026-06-23T00:05:52.927+05:30  INFO 4360 --- [           main] com.company.mts.service.AccountService   : [AccountService] transferByAccountNumber: from='123', to='456', amount=10
]]></system-out>
  </testcase>
</testsuite>