<?xml version="1.0" encoding="UTF-8"?>
<testsuite xmlns:xsi="http://www.w3.org/2001/XMLSchema-instance" xsi:noNamespaceSchemaLocation="https://maven.apache.org/surefire/maven-surefire-plugin/xsd/surefire-test-report-3.0.xsd" version="3.0" name="com.company.mts.service.AuthServiceTest" time="0.183" tests="20" errors="0" skipped="0" failures="0">
  <properties>
[...]
</properties>
  <testcase name="resetPassword_Expired_ThrowsException" classname="com.company.mts.service.AuthServiceTest" time="0.086">
    <system-out><![CDATA[2026-06-22T16:18:29.193+05:30  INFO 4376 --- [           main] com.company.mts.service.AuthService      : [AuthService] Initialized with all dependencies
2026-06-22T16:18:29.194+05:30  INFO 4376 --- [           main] com.company.mts.service.AuthService      : [AuthService] resetPassword: Resetting password for recovery token
2026-06-22T16:18:29.195+05:30  WARN 4376 --- [           main] com.company.mts.service.AuthService      : [AuthService] resetPassword: Reset link EXPIRED for user 'testuser'
]]></system-out>
  </testcase>
  <testcase name="signup_DuplicateName_ThrowsException" classname="com.company.mts.service.AuthServiceTest" time="0.002">
    <system-out><![CDATA[2026-06-22T16:18:29.197+05:30  INFO 4376 --- [           main] com.company.mts.service.AuthService      : [AuthService] Initialized with all dependencies
2026-06-22T16:18:29.198+05:30  INFO 4376 --- [           main] com.company.mts.service.AuthService      : [AuthService] signup: Processing signup for name='testuser', email='test@example.com'
2026-06-22T16:18:29.198+05:30 DEBUG 4376 --- [           main] com.company.mts.service.AuthService      : [AuthService] signup: emailExists=false, nameExists=true
2026-06-22T16:18:29.198+05:30  WARN 4376 --- [           main] com.company.mts.service.AuthService      : [AuthService] signup: DUPLICATE detected. emailExists=false, nameExists=true
]]></system-out>
  </testcase>
  <testcase name="loginWithToken_Expired_ThrowsException" classname="com.company.mts.service.AuthServiceTest" time="0.002">
    <system-out><![CDATA[2026-06-22T16:18:29.199+05:30  INFO 4376 --- [           main] com.company.mts.service.AuthService      : [AuthService] Initialized with all dependencies
2026-06-22T16:18:29.199+05:30  INFO 4376 --- [           main] com.company.mts.service.AuthService      : [AuthService] loginWithToken: Verifying magic link token
2026-06-22T16:18:29.200+05:30  WARN 4376 --- [           main] com.company.mts.service.AuthService      : [AuthService] loginWithToken: Recovery link EXPIRED for user 'testuser'
]]></system-out>
  </testcase>
  <testcase name="loginWithToken_NotFound_ThrowsException" classname="com.company.mts.service.AuthServiceTest" time="0.001">
    <system-out><![CDATA[2026-06-22T16:18:29.200+05:30  INFO 4376 --- [           main] com.company.mts.service.AuthService      : [AuthService] Initialized with all dependencies
2026-06-22T16:18:29.201+05:30  INFO 4376 --- [           main] com.company.mts.service.AuthService      : [AuthService] loginWithToken: Verifying magic link token
2026-06-22T16:18:29.201+05:30  WARN 4376 --- [           main] com.company.mts.service.AuthService      : [AuthService] loginWithToken: Invalid recovery link token
]]></system-out>
  </testcase>
  <testcase name="login_UserNotFound_ThrowsException" classname="com.company.mts.service.AuthServiceTest" time="0.002">
    <system-out><![CDATA[2026-06-22T16:18:29.202+05:30  INFO 4376 --- [           main] com.company.mts.service.AuthService      : [AuthService] Initialized with all dependencies
2026-06-22T16:18:29.202+05:30  INFO 4376 --- [           main] com.company.mts.service.AuthService      : [AuthService] login: Processing login for name='unknown'
2026-06-22T16:18:29.203+05:30  WARN 4376 --- [           main] com.company.mts.service.AuthService      : [AuthService] login: User NOT FOUND with name='unknown'
]]></system-out>
  </testcase>
  <testcase name="getCredentialsByToken_NoExpiry_ThrowsException" classname="com.company.mts.service.AuthServiceTest" time="0.001">
    <system-out><![CDATA[2026-06-22T16:18:29.203+05:30  INFO 4376 --- [           main] com.company.mts.service.AuthService      : [AuthService] Initialized with all dependencies
2026-06-22T16:18:29.203+05:30  INFO 4376 --- [           main] com.company.mts.service.AuthService      : [AuthService] getCredentialsByToken: Looking up user by remember token
2026-06-22T16:18:29.204+05:30  WARN 4376 --- [           main] com.company.mts.service.AuthService      : [AuthService] getCredentialsByToken: Remember token EXPIRED for name='testuser'
]]></system-out>
  </testcase>
  <testcase name="getCredentialsByToken_Expired_ThrowsException" classname="com.company.mts.service.AuthServiceTest" time="0.002">
    <system-out><![CDATA[2026-06-22T16:18:29.206+05:30  INFO 4376 --- [           main] com.company.mts.service.AuthService      : [AuthService] Initialized with all dependencies
2026-06-22T16:18:29.206+05:30  INFO 4376 --- [           main] com.company.mts.service.AuthService      : [AuthService] getCredentialsByToken: Looking up user by remember token
2026-06-22T16:18:29.206+05:30  WARN 4376 --- [           main] com.company.mts.service.AuthService      : [AuthService] getCredentialsByToken: Remember token EXPIRED for name='testuser'
]]></system-out>
  </testcase>
  <testcase name="loginWithRememberMe_SetsToken" classname="com.company.mts.service.AuthServiceTest" time="0.002">
    <system-out><![CDATA[2026-06-22T16:18:29.208+05:30  INFO 4376 --- [           main] com.company.mts.service.AuthService      : [AuthService] Initialized with all dependencies
2026-06-22T16:18:29.208+05:30  INFO 4376 --- [           main] com.company.mts.service.AuthService      : [AuthService] login: Processing login for name='testuser'
2026-06-22T16:18:29.208+05:30 DEBUG 4376 --- [           main] com.company.mts.service.AuthService      : [AuthService] login: User found in DB. id=1, name='testuser'
2026-06-22T16:18:29.208+05:30  INFO 4376 --- [           main] com.company.mts.service.AuthService      : [AuthService] login: Password verified for name='testuser'
2026-06-22T16:18:29.208+05:30  INFO 4376 --- [           main] com.company.mts.service.AuthService      : [AuthService] login: Remember-me token generated for name='testuser'
2026-06-22T16:18:29.208+05:30  INFO 4376 --- [           main] com.company.mts.service.AuthService      : [AuthService] login: JWT token generated for name='testuser'. Login SUCCESS
]]></system-out>
  </testcase>
  <testcase name="processForgotPassword_EmailFailure_LogsError" classname="com.company.mts.service.AuthServiceTest" time="0.004">
    <system-out><![CDATA[2026-06-22T16:18:29.210+05:30  INFO 4376 --- [           main] com.company.mts.service.AuthService      : [AuthService] Initialized with all dependencies
2026-06-22T16:18:29.211+05:30  INFO 4376 --- [           main] com.company.mts.service.AuthService      : [AuthService] processForgotPassword: Processing forgot password request for user: testuser
2026-06-22T16:18:29.213+05:30  INFO 4376 --- [           main] com.company.mts.service.AuthService      : [AuthService] processForgotPassword: Recovery token generated. Sending recovery link to: test@example.com
2026-06-22T16:18:29.213+05:30 ERROR 4376 --- [           main] com.company.mts.service.AuthService      : [AuthService] processForgotPassword: Failed to send recovery email to 'test@example.com': RuntimeException - Mail server down
]]></system-out>
  </testcase>
  <testcase name="resetPassword_Success" classname="com.company.mts.service.AuthServiceTest" time="0.003">
    <system-out><![CDATA[2026-06-22T16:18:29.216+05:30  INFO 4376 --- [           main] com.company.mts.service.AuthService      : [AuthService] Initialized with all dependencies
2026-06-22T16:18:29.216+05:30  INFO 4376 --- [           main] com.company.mts.service.AuthService      : [AuthService] resetPassword: Resetting password for recovery token
2026-06-22T16:18:29.217+05:30  INFO 4376 --- [           main] com.company.mts.service.AuthService      : [AuthService] resetPassword: Password reset successfully for user: testuser
]]></system-out>
  </testcase>
  <testcase name="login_InvalidPassword_ThrowsException" classname="com.company.mts.service.AuthServiceTest" time="0.001">
    <system-out><![CDATA[2026-06-22T16:18:29.218+05:30  INFO 4376 --- [           main] com.company.mts.service.AuthService      : [AuthService] Initialized with all dependencies
2026-06-22T16:18:29.218+05:30  INFO 4376 --- [           main] com.company.mts.service.AuthService      : [AuthService] login: Processing login for name='testuser'
2026-06-22T16:18:29.218+05:30 DEBUG 4376 --- [           main] com.company.mts.service.AuthService      : [AuthService] login: User found in DB. id=1, name='testuser'
2026-06-22T16:18:29.218+05:30  WARN 4376 --- [           main] com.company.mts.service.AuthService      : [AuthService] login: Password MISMATCH for name='testuser'
]]></system-out>
  </testcase>
  <testcase name="processForgotPassword_NoEmail_NoEmailSent" classname="com.company.mts.service.AuthServiceTest" time="0.001">
    <system-out><![CDATA[2026-06-22T16:18:29.219+05:30  INFO 4376 --- [           main] com.company.mts.service.AuthService      : [AuthService] Initialized with all dependencies
2026-06-22T16:18:29.220+05:30  INFO 4376 --- [           main] com.company.mts.service.AuthService      : [AuthService] processForgotPassword: Processing forgot password request for user: testuser
2026-06-22T16:18:29.220+05:30  WARN 4376 --- [           main] com.company.mts.service.AuthService      : [AuthService] processForgotPassword: User testuser has no email associated
]]></system-out>
  </testcase>
  <testcase name="getCredentialsByToken_NotFound_ThrowsException" classname="com.company.mts.service.AuthServiceTest" time="0.026">
    <system-out><![CDATA[2026-06-22T16:18:29.228+05:30  INFO 4376 --- [           main] com.company.mts.service.AuthService      : [AuthService] Initialized with all dependencies
2026-06-22T16:18:29.245+05:30  INFO 4376 --- [           main] com.company.mts.service.AuthService      : [AuthService] getCredentialsByToken: Looking up user by remember token
2026-06-22T16:18:29.246+05:30  WARN 4376 --- [           main] com.company.mts.service.AuthService      : [AuthService] getCredentialsByToken: Invalid remember token
]]></system-out>
  </testcase>
  <testcase name="processForgotPassword_SendsEmail" classname="com.company.mts.service.AuthServiceTest" time="0.001">
    <system-out><![CDATA[2026-06-22T16:18:29.247+05:30  INFO 4376 --- [           main] com.company.mts.service.AuthService      : [AuthService] Initialized with all dependencies
2026-06-22T16:18:29.248+05:30  INFO 4376 --- [           main] com.company.mts.service.AuthService      : [AuthService] processForgotPassword: Processing forgot password request for user: testuser
2026-06-22T16:18:29.248+05:30  INFO 4376 --- [           main] com.company.mts.service.AuthService      : [AuthService] processForgotPassword: Recovery token generated. Sending recovery link to: test@example.com
2026-06-22T16:18:29.248+05:30  INFO 4376 --- [           main] com.company.mts.service.AuthService      : [AuthService] processForgotPassword: Recovery email sent successfully to: test@example.com
]]></system-out>
  </testcase>
  <testcase name="loginWithToken_Success" classname="com.company.mts.service.AuthServiceTest" time="0.001">
    <system-out><![CDATA[2026-06-22T16:18:29.249+05:30  INFO 4376 --- [           main] com.company.mts.service.AuthService      : [AuthService] Initialized with all dependencies
2026-06-22T16:18:29.249+05:30  INFO 4376 --- [           main] com.company.mts.service.AuthService      : [AuthService] loginWithToken: Verifying magic link token
2026-06-22T16:18:29.250+05:30  INFO 4376 --- [           main] com.company.mts.service.AuthService      : [AuthService] loginWithToken: User 'testuser' logged in successfully via magic link
]]></system-out>
  </testcase>
  <testcase name="resetPassword_NotFound_ThrowsException" classname="com.company.mts.service.AuthServiceTest" time="0.001">
    <system-out><![CDATA[2026-06-22T16:18:29.251+05:30  INFO 4376 --- [           main] com.company.mts.service.AuthService      : [AuthService] Initialized with all dependencies
2026-06-22T16:18:29.252+05:30  INFO 4376 --- [           main] com.company.mts.service.AuthService      : [AuthService] resetPassword: Resetting password for recovery token
2026-06-22T16:18:29.252+05:30  WARN 4376 --- [           main] com.company.mts.service.AuthService      : [AuthService] resetPassword: Invalid reset link token
]]></system-out>
  </testcase>
  <testcase name="login_Success" classname="com.company.mts.service.AuthServiceTest" time="0.002">
    <system-out><![CDATA[2026-06-22T16:18:29.282+05:30  INFO 4376 --- [           main] com.company.mts.service.AuthService      : [AuthService] Initialized with all dependencies
2026-06-22T16:18:29.283+05:30  INFO 4376 --- [           main] com.company.mts.service.AuthService      : [AuthService] login: Processing login for name='testuser'
2026-06-22T16:18:29.283+05:30 DEBUG 4376 --- [           main] com.company.mts.service.AuthService      : [AuthService] login: User found in DB. id=1, name='testuser'
2026-06-22T16:18:29.283+05:30  INFO 4376 --- [           main] com.company.mts.service.AuthService      : [AuthService] login: Password verified for name='testuser'
2026-06-22T16:18:29.283+05:30  INFO 4376 --- [           main] com.company.mts.service.AuthService      : [AuthService] login: JWT token generated for name='testuser'. Login SUCCESS
]]></system-out>
  </testcase>
  <testcase name="getCredentialsByToken_Success" classname="com.company.mts.service.AuthServiceTest" time="0.005">
    <system-out><![CDATA[2026-06-22T16:18:29.288+05:30  INFO 4376 --- [           main] com.company.mts.service.AuthService      : [AuthService] Initialized with all dependencies
2026-06-22T16:18:29.289+05:30  INFO 4376 --- [           main] com.company.mts.service.AuthService      : [AuthService] getCredentialsByToken: Looking up user by remember token
2026-06-22T16:18:29.289+05:30  INFO 4376 --- [           main] com.company.mts.service.AuthService      : [AuthService] getCredentialsByToken: Credentials retrieved for name='testuser'
]]></system-out>
  </testcase>
  <testcase name="signup_DuplicateUser_ThrowsException" classname="com.company.mts.service.AuthServiceTest" time="0.001">
    <system-out><![CDATA[2026-06-22T16:18:29.290+05:30  INFO 4376 --- [           main] com.company.mts.service.AuthService      : [AuthService] Initialized with all dependencies
2026-06-22T16:18:29.291+05:30  INFO 4376 --- [           main] com.company.mts.service.AuthService      : [AuthService] signup: Processing signup for name='testuser', email='test@example.com'
2026-06-22T16:18:29.291+05:30 DEBUG 4376 --- [           main] com.company.mts.service.AuthService      : [AuthService] signup: emailExists=true, nameExists=false
2026-06-22T16:18:29.291+05:30  WARN 4376 --- [           main] com.company.mts.service.AuthService      : [AuthService] signup: DUPLICATE detected. emailExists=true, nameExists=false
]]></system-out>
  </testcase>
  <testcase name="signup_Success" classname="com.company.mts.service.AuthServiceTest" time="0.002">
    <system-out><![CDATA[2026-06-22T16:18:29.292+05:30  INFO 4376 --- [           main] com.company.mts.service.AuthService      : [AuthService] Initialized with all dependencies
2026-06-22T16:18:29.293+05:30  INFO 4376 --- [           main] com.company.mts.service.AuthService      : [AuthService] signup: Processing signup for name='testuser', email='test@example.com'
2026-06-22T16:18:29.293+05:30 DEBUG 4376 --- [           main] com.company.mts.service.AuthService      : [AuthService] signup: emailExists=false, nameExists=false
2026-06-22T16:18:29.293+05:30  INFO 4376 --- [           main] com.company.mts.service.AuthService      : [AuthService] signup: Saving new user to database: name='testuser', email='test@example.com'
2026-06-22T16:18:29.293+05:30  INFO 4376 --- [           main] com.company.mts.service.AuthService      : [AuthService] signup: User SAVED successfully. id=1, name='testuser', email='test@example.com'
]]></system-out>
  </testcase>
</testsuite>